Using pre-set license
Built from '2020.3/staging' branch; Version is '2020.3.11f1 (99c7afb366b3) revision 10078127'; Using compiler version '192528614'; Build Type 'Release'
OS: 'Windows 10 Home Single Language; OS build 19041.1052; Version 2004; 64bit' Language: 'tr' Physical Memory: 8092 MB
BatchMode: 1, IsHumanControllingUs: 0, StartBugReporterOnCrash: 0, Is64bit: 1, IsPro: 0

 COMMAND LINE ARGUMENTS:
C:\Users\Valjean\UnityProjects\2020.3.11f1\Editor\Unity.exe
-adb2
-batchMode
-noUpm
-name
AssetImportWorker3
-projectPath
E:/UnityProjects/Keybord Hero
-logFile
Logs/AssetImportWorker3.log
-srvPort
59090
Successfully changed project path to: E:/UnityProjects/Keybord Hero
E:/UnityProjects/Keybord Hero
Using Asset Import Pipeline V2.
Refreshing native plugins compatible for Editor in 203.02 ms, found 5 plugins.
Preloading 0 native plugins for Editor in 0.00 ms.
Initialize engine version: 2020.3.11f1 (99c7afb366b3)
[Subsystems] Discovering subsystems at path C:/Users/Valjean/UnityProjects/2020.3.11f1/Editor/Data/Resources/UnitySubsystems
[Subsystems] Discovering subsystems at path E:/UnityProjects/Keybord Hero/Assets
GfxDevice: creating device client; threaded=0
Direct3D:
    Version:  Direct3D 11.0 [level 11.0]
    Renderer: NVIDIA GeForce 940MX (ID=0x134d)
    Vendor:   
    VRAM:     2010 MB
    Driver:   27.21.14.6589
Initialize mono
Mono path[0] = 'C:/Users/Valjean/UnityProjects/2020.3.11f1/Editor/Data/Managed'
Mono path[1] = 'C:/Users/Valjean/UnityProjects/2020.3.11f1/Editor/Data/MonoBleedingEdge/lib/mono/unityjit'
Mono config path = 'C:/Users/Valjean/UnityProjects/2020.3.11f1/Editor/Data/MonoBleedingEdge/etc'
Using monoOptions --debugger-agent=transport=dt_socket,embedding=1,server=y,suspend=n,address=127.0.0.1:56240
Begin MonoManager ReloadAssembly
Registering precompiled unity dll's ...
Register platform support module: C:/Users/Valjean/UnityProjects/2020.3.11f1/Editor/Data/PlaybackEngines/WebGLSupport/UnityEditor.WebGL.Extensions.dll
Register platform support module: C:/Users/Valjean/UnityProjects/2020.3.11f1/Editor/Data/PlaybackEngines/MacStandaloneSupport/UnityEditor.OSXStandalone.Extensions.dll
Register platform support module: C:/Users/Valjean/UnityProjects/2020.3.11f1/Editor/Data/PlaybackEngines/WindowsStandaloneSupport/UnityEditor.WindowsStandalone.Extensions.dll
Registered in 0.008777 seconds.
Native extension for WindowsStandalone target not found
Native extension for OSXStandalone target not found
Native extension for WebGL target not found
Refreshing native plugins compatible for Editor in 139.28 ms, found 5 plugins.
Preloading 0 native plugins for Editor in 0.00 ms.
Mono: successfully reloaded assembly
- Completed reload, in  3.976 seconds
Platform modules already initialized, skipping
Registering precompiled user dll's ...
Registered in 0.013136 seconds.
Begin MonoManager ReloadAssembly
Native extension for WindowsStandalone target not found
Native extension for OSXStandalone target not found
Native extension for WebGL target not found
Refreshing native plugins compatible for Editor in 1.30 ms, found 5 plugins.
Preloading 0 native plugins for Editor in 0.00 ms.
Mono: successfully reloaded assembly
- Completed reload, in  4.254 seconds
Platform modules already initialized, skipping
========================================================================
Worker process is ready to serve import requests
Launched and connected shader compiler UnityShaderCompiler.exe after 0.41 seconds
Refreshing native plugins compatible for Editor in 1.50 ms, found 5 plugins.
Preloading 0 native plugins for Editor in 0.00 ms.
Unloading 2072 Unused Serialized files (Serialized files now loaded: 0)
System memory in use before: 94.9 MB.
System memory in use after: 94.9 MB.

Unloading 119 unused Assets to reduce memory usage. Loaded Objects now: 2499.
Total: 8.890200 ms (FindLiveObjects: 0.439600 ms CreateObjectMapping: 0.237000 ms MarkObjects: 7.676700 ms  DeleteObjects: 0.533300 ms)

========================================================================
Received Import Request.
  path: Assets/Resources/Voodoo/VoodooCustomCharacter/Shaders/Regular.shader
  artifactKey: Guid(4609c28b77ae6c04689a8ba2b2fccba7) Importer(815301076,1909f56bfc062723c751e8b465ee728b)
Start importing Assets/Resources/Voodoo/VoodooCustomCharacter/Shaders/Regular.shader using Guid(4609c28b77ae6c04689a8ba2b2fccba7) Importer(815301076,1909f56bfc062723c751e8b465ee728b)  -> (artifact id: '39371e61e524b9b4ccc48dcb69bc31b1') in 0.319490 seconds
  Import took 0.373763 seconds .

========================================================================
Received Import Request.
  Time since last request: 0.000686 seconds.
  path: Assets/Plane (9).prefab
  artifactKey: Guid(09984f92d2b19f8438b1dfac15ad2004) Importer(815301076,1909f56bfc062723c751e8b465ee728b)
Start importing Assets/Plane (9).prefab using Guid(09984f92d2b19f8438b1dfac15ad2004) Importer(815301076,1909f56bfc062723c751e8b465ee728b)  -> (artifact id: '4362e9ead48f5a0348156748def4de8d') in 0.101113 seconds
  Import took 0.227978 seconds .

========================================================================
Received Import Request.
  Time since last request: 3028.366306 seconds.
  path: Assets/ProBuilder Data/Default Material Palette.asset
  artifactKey: Guid(f1589f7d20add324fbd9150ca6dd65ca) Importer(815301076,1909f56bfc062723c751e8b465ee728b)
Start importing Assets/ProBuilder Data/Default Material Palette.asset using Guid(f1589f7d20add324fbd9150ca6dd65ca) Importer(815301076,1909f56bfc062723c751e8b465ee728b)  -> (artifact id: '60404b0dcd728c1b2028d77c5762d6f5') in 0.032170 seconds
  Import took 0.071650 seconds .

========================================================================
Received Import Request.
  Time since last request: 6.065535 seconds.
  path: Assets/Resources/GUI Mobile Hyper-Casual
  artifactKey: Guid(699d7a86d80494be285a31866916d636) Importer(815301076,1909f56bfc062723c751e8b465ee728b)
Start importing Assets/Resources/GUI Mobile Hyper-Casual using Guid(699d7a86d80494be285a31866916d636) Importer(815301076,1909f56bfc062723c751e8b465ee728b)  -> (artifact id: '7843b99e1e0afa36fecddae38f282cc5') in 0.012189 seconds
  Import took 0.067873 seconds .

========================================================================
Received Import Request.
  Time since last request: 6.093821 seconds.
  path: Assets/Resources/GUI Mobile Hyper-Casual/Sprites/Sprites by Menu
  artifactKey: Guid(d50d969d4ef1f4cfe9886db62891013d) Importer(815301076,1909f56bfc062723c751e8b465ee728b)
Start importing Assets/Resources/GUI Mobile Hyper-Casual/Sprites/Sprites by Menu using Guid(d50d969d4ef1f4cfe9886db62891013d) Importer(815301076,1909f56bfc062723c751e8b465ee728b)  -> (artifact id: '4e185f1a720429fcb04b3d10e2cbf5bf') in 0.016054 seconds
  Import took 0.142909 seconds .

========================================================================
Received Import Request.
  Time since last request: 4.518395 seconds.
  path: Assets/Resources/GUI Mobile Hyper-Casual/Sprites/Sprites by Menu/Buttons-assets/Blue Buton OK.png
  artifactKey: Guid(f0f7474323b7de24f8819a2ca4ba2fe3) Importer(815301076,1909f56bfc062723c751e8b465ee728b)
Start importing Assets/Resources/GUI Mobile Hyper-Casual/Sprites/Sprites by Menu/Buttons-assets/Blue Buton OK.png using Guid(f0f7474323b7de24f8819a2ca4ba2fe3) Importer(815301076,1909f56bfc062723c751e8b465ee728b)  -> (artifact id: '455c1d5e04c5675a3184a16fe40f097e') in 1.158819 seconds
  Import took 1.189632 seconds .

========================================================================
Received Import Request.
  Time since last request: 0.000916 seconds.
  path: Assets/Resources/GUI Mobile Hyper-Casual/Sprites/Sprites by Menu/Buttons-assets/Button1.png
  artifactKey: Guid(c22efc3f2930429409681da68ddc3019) Importer(815301076,1909f56bfc062723c751e8b465ee728b)
Start importing Assets/Resources/GUI Mobile Hyper-Casual/Sprites/Sprites by Menu/Buttons-assets/Button1.png using Guid(c22efc3f2930429409681da68ddc3019) Importer(815301076,1909f56bfc062723c751e8b465ee728b)  -> (artifact id: '79d2d25099a878d8d4d644fbba0b4695') in 0.083092 seconds
  Import took 0.192015 seconds .

========================================================================
Received Import Request.
  Time since last request: 0.001401 seconds.
  path: Assets/Resources/GUI Mobile Hyper-Casual/Sprites/Sprites by Menu/Buttons-assets/Green Buton OK.png
  artifactKey: Guid(824710026b307d94ab3a3f9679e0ee7a) Importer(815301076,1909f56bfc062723c751e8b465ee728b)
Start importing Assets/Resources/GUI Mobile Hyper-Casual/Sprites/Sprites by Menu/Buttons-assets/Green Buton OK.png using Guid(824710026b307d94ab3a3f9679e0ee7a) Importer(815301076,1909f56bfc062723c751e8b465ee728b)  -> (artifact id: '881c757afe7b047b46447ae155341264') in 0.079539 seconds
  Import took 0.125903 seconds .

========================================================================
Received Import Request.
  Time since last request: 0.001175 seconds.
  path: Assets/Resources/GUI Mobile Hyper-Casual/Sprites/Sprites by Menu/Buttons-assets/Green Button Start.png
  artifactKey: Guid(f80113ee26c688340b312f1b4a0788ba) Importer(815301076,1909f56bfc062723c751e8b465ee728b)
Start importing Assets/Resources/GUI Mobile Hyper-Casual/Sprites/Sprites by Menu/Buttons-assets/Green Button Start.png using Guid(f80113ee26c688340b312f1b4a0788ba) Importer(815301076,1909f56bfc062723c751e8b465ee728b)  -> (artifact id: 'ec49a31c89ab65dfb1e29a7a3d9fa182') in 0.070802 seconds
  Import took 0.111922 seconds .

========================================================================
Received Import Request.
  Time since last request: 0.000513 seconds.
  path: Assets/Resources/GUI Mobile Hyper-Casual/Sprites/Sprites by Menu/Buttons-assets/Green Button Skip.png
  artifactKey: Guid(c89b3ac57e7c46644a70503903a4fea1) Importer(815301076,1909f56bfc062723c751e8b465ee728b)
Start importing Assets/Resources/GUI Mobile Hyper-Casual/Sprites/Sprites by Menu/Buttons-assets/Green Button Skip.png using Guid(c89b3ac57e7c46644a70503903a4fea1) Importer(815301076,1909f56bfc062723c751e8b465ee728b)  -> (artifact id: 'd5bd98c87c2cf680e01c9a305129cb5a') in 0.073225 seconds
  Import took 0.104605 seconds .

========================================================================
Received Import Request.
  Time since last request: 0.000362 seconds.
  path: Assets/Resources/GUI Mobile Hyper-Casual/Sprites/Sprites by Menu/Buttons-assets/Button8.png
  artifactKey: Guid(1a6c127b06258f046880d9c3af21eb59) Importer(815301076,1909f56bfc062723c751e8b465ee728b)
Start importing Assets/Resources/GUI Mobile Hyper-Casual/Sprites/Sprites by Menu/Buttons-assets/Button8.png using Guid(1a6c127b06258f046880d9c3af21eb59) Importer(815301076,1909f56bfc062723c751e8b465ee728b)  -> (artifact id: '7d572e37eb941554a6d479fda49bbd41') in 0.046970 seconds
  Import took 0.100907 seconds .

========================================================================
Received Import Request.
  Time since last request: 0.000369 seconds.
  path: Assets/Resources/GUI Mobile Hyper-Casual/Sprites/Sprites by Menu/Buttons-assets/Blue Button Go.png
  artifactKey: Guid(e331f5ec78be0494bbedd5c512a6f739) Importer(815301076,1909f56bfc062723c751e8b465ee728b)
Start importing Assets/Resources/GUI Mobile Hyper-Casual/Sprites/Sprites by Menu/Buttons-assets/Blue Button Go.png using Guid(e331f5ec78be0494bbedd5c512a6f739) Importer(815301076,1909f56bfc062723c751e8b465ee728b)  -> (artifact id: '43893ef40b39b6bce6caa54a29a5aedf') in 0.053451 seconds
  Import took 0.062356 seconds .

========================================================================
Received Import Request.
  Time since last request: 0.000415 seconds.
  path: Assets/Resources/GUI Mobile Hyper-Casual/Sprites/Sprites by Menu/Buttons-assets/Button2.png
  artifactKey: Guid(b77e64136c7b1404fbda896112c6c39a) Importer(815301076,1909f56bfc062723c751e8b465ee728b)
Start importing Assets/Resources/GUI Mobile Hyper-Casual/Sprites/Sprites by Menu/Buttons-assets/Button2.png using Guid(b77e64136c7b1404fbda896112c6c39a) Importer(815301076,1909f56bfc062723c751e8b465ee728b)  -> (artifact id: 'c0ea07b30b3e92c07373e448408bc157') in 0.056222 seconds
  Import took 0.086424 seconds .

========================================================================
Received Import Request.
  Time since last request: 0.000493 seconds.
  path: Assets/Resources/GUI Mobile Hyper-Casual/Sprites/Sprites by Menu/Buttons-assets/Blue Button Play.png
  artifactKey: Guid(1bc24571541ced84683a9fe5d7589d58) Importer(815301076,1909f56bfc062723c751e8b465ee728b)
Start importing Assets/Resources/GUI Mobile Hyper-Casual/Sprites/Sprites by Menu/Buttons-assets/Blue Button Play.png using Guid(1bc24571541ced84683a9fe5d7589d58) Importer(815301076,1909f56bfc062723c751e8b465ee728b)  -> (artifact id: 'c8557fb32c401c1b585b47b03f40f1c7') in 0.080886 seconds
  Import took 0.130553 seconds .

========================================================================
Received Import Request.
  Time since last request: 0.000546 seconds.
  path: Assets/Resources/GUI Mobile Hyper-Casual/Sprites/Sprites by Menu/Buttons-assets/Button7.png
  artifactKey: Guid(08e32c7de90febf4582d06d65946a591) Importer(815301076,1909f56bfc062723c751e8b465ee728b)
Start importing Assets/Resources/GUI Mobile Hyper-Casual/Sprites/Sprites by Menu/Buttons-assets/Button7.png using Guid(08e32c7de90febf4582d06d65946a591) Importer(815301076,1909f56bfc062723c751e8b465ee728b)  -> (artifact id: 'ab9cf0463d91e5b6c367e1bb21353fe3') in 0.065610 seconds
  Import took 0.073616 seconds .

========================================================================
Received Import Request.
  Time since last request: 0.000414 seconds.
  path: Assets/Resources/GUI Mobile Hyper-Casual/Sprites/Sprites by Menu/Buttons-assets/Green Button Open.png
  artifactKey: Guid(68e26dc779ccf9d46be51e13632635ec) Importer(815301076,1909f56bfc062723c751e8b465ee728b)
Start importing Assets/Resources/GUI Mobile Hyper-Casual/Sprites/Sprites by Menu/Buttons-assets/Green Button Open.png using Guid(68e26dc779ccf9d46be51e13632635ec) Importer(815301076,1909f56bfc062723c751e8b465ee728b)  -> (artifact id: 'c74f0235d8c8d646a33093a885f5e298') in 0.083235 seconds
  Import took 0.104940 seconds .

========================================================================
Received Import Request.
  Time since last request: 0.000561 seconds.
  path: Assets/Resources/GUI Mobile Hyper-Casual/Sprites/Sprites by Menu/Buttons-assets/Pub Blue Button Claim.png
  artifactKey: Guid(3d5aea77e56b99b4d9e837124a5ee21f) Importer(815301076,1909f56bfc062723c751e8b465ee728b)
Start importing Assets/Resources/GUI Mobile Hyper-Casual/Sprites/Sprites by Menu/Buttons-assets/Pub Blue Button Claim.png using Guid(3d5aea77e56b99b4d9e837124a5ee21f) Importer(815301076,1909f56bfc062723c751e8b465ee728b)  -> (artifact id: '71a385fe88250732b0e834e839c22a9e') in 0.103275 seconds
  Import took 0.128821 seconds .

========================================================================
Received Import Request.
  Time since last request: 0.001434 seconds.
  path: Assets/Resources/GUI Mobile Hyper-Casual/Sprites/Sprites by Menu/Buttons-assets/Blue Button Claim.png
  artifactKey: Guid(0bd20eb5b953c7942b5d345086110e42) Importer(815301076,1909f56bfc062723c751e8b465ee728b)
Start importing Assets/Resources/GUI Mobile Hyper-Casual/Sprites/Sprites by Menu/Buttons-assets/Blue Button Claim.png using Guid(0bd20eb5b953c7942b5d345086110e42) Importer(815301076,1909f56bfc062723c751e8b465ee728b)  -> (artifact id: '6703d11915dc22c97e844b79ee10e6ee') in 0.096113 seconds
  Import took 0.142446 seconds .

========================================================================
Received Import Request.
  Time since last request: 0.001195 seconds.
  path: Assets/Resources/GUI Mobile Hyper-Casual/Sprites/Sprites by Menu/Buttons-assets/Green Button Play.png
  artifactKey: Guid(3e9899da6293f804d928af5b41316f0d) Importer(815301076,1909f56bfc062723c751e8b465ee728b)
Start importing Assets/Resources/GUI Mobile Hyper-Casual/Sprites/Sprites by Menu/Buttons-assets/Green Button Play.png using Guid(3e9899da6293f804d928af5b41316f0d) Importer(815301076,1909f56bfc062723c751e8b465ee728b)  -> (artifact id: '3740eb6aed38b224b84005b04f616f31') in 0.100128 seconds
  Import took 0.137352 seconds .

========================================================================
Received Import Request.
  Time since last request: 0.001277 seconds.
  path: Assets/Resources/GUI Mobile Hyper-Casual/Sprites/Sprites by Menu/Buttons-assets/Blue Button Skip.png
  artifactKey: Guid(6d5ddaf9d30ea254687e1804686a2606) Importer(815301076,1909f56bfc062723c751e8b465ee728b)
Start importing Assets/Resources/GUI Mobile Hyper-Casual/Sprites/Sprites by Menu/Buttons-assets/Blue Button Skip.png using Guid(6d5ddaf9d30ea254687e1804686a2606) Importer(815301076,1909f56bfc062723c751e8b465ee728b)  -> (artifact id: '6d74be04c5be85f16817d1a1aa80490b') in 0.077009 seconds
  Import took 0.124099 seconds .

========================================================================
Received Import Request.
  Time since last request: 0.001091 seconds.
  path: Assets/Resources/GUI Mobile Hyper-Casual/Sprites/Sprites by Menu/Buttons-assets/Pub Yellow Button Claim.png
  artifactKey: Guid(7980464428def4046981deb967808daa) Importer(815301076,1909f56bfc062723c751e8b465ee728b)
Start importing Assets/Resources/GUI Mobile Hyper-Casual/Sprites/Sprites by Menu/Buttons-assets/Pub Yellow Button Claim.png using Guid(7980464428def4046981deb967808daa) Importer(815301076,1909f56bfc062723c751e8b465ee728b)  -> (artifact id: '22e728db6c82d8e8010105e0c4de90ac') in 0.105322 seconds
  Import took 0.129331 seconds .

========================================================================
Received Import Request.
  Time since last request: 0.000396 seconds.
  path: Assets/Resources/GUI Mobile Hyper-Casual/Sprites/Sprites by Menu/Buttons-assets/Pub Blue Button Open.png
  artifactKey: Guid(aa5b428515ab5b843af56b1b1a86002a) Importer(815301076,1909f56bfc062723c751e8b465ee728b)
Start importing Assets/Resources/GUI Mobile Hyper-Casual/Sprites/Sprites by Menu/Buttons-assets/Pub Blue Button Open.png using Guid(aa5b428515ab5b843af56b1b1a86002a) Importer(815301076,1909f56bfc062723c751e8b465ee728b)  -> (artifact id: '1b2cd741724f3bcc19ac48f291451098') in 0.141800 seconds
  Import took 0.182430 seconds .

========================================================================
Received Import Request.
  Time since last request: 0.000723 seconds.
  path: Assets/Resources/GUI Mobile Hyper-Casual/Sprites/Sprites by Menu/Buttons-assets/Green Button Next.png
  artifactKey: Guid(00d1b2e4a729ac84083bcc42d652ed29) Importer(815301076,1909f56bfc062723c751e8b465ee728b)
Start importing Assets/Resources/GUI Mobile Hyper-Casual/Sprites/Sprites by Menu/Buttons-assets/Green Button Next.png using Guid(00d1b2e4a729ac84083bcc42d652ed29) Importer(815301076,1909f56bfc062723c751e8b465ee728b)  -> (artifact id: '332084de30695a470d28a4e820f28f73') in 0.086818 seconds
  Import took 0.132155 seconds .

========================================================================
Received Import Request.
  Time since last request: 0.000315 seconds.
  path: Assets/Resources/GUI Mobile Hyper-Casual/Sprites/Sprites by Menu/Buttons-assets/Blue Button Next.png
  artifactKey: Guid(0c6f45571ab60d243a060ab276384af0) Importer(815301076,1909f56bfc062723c751e8b465ee728b)
Start importing Assets/Resources/GUI Mobile Hyper-Casual/Sprites/Sprites by Menu/Buttons-assets/Blue Button Next.png using Guid(0c6f45571ab60d243a060ab276384af0) Importer(815301076,1909f56bfc062723c751e8b465ee728b)  -> (artifact id: '879df3af4c8eaa290eebfa3237e5edc7') in 0.055159 seconds
  Import took 0.065440 seconds .

========================================================================
Received Import Request.
  Time since last request: 0.000513 seconds.
  path: Assets/Resources/GUI Mobile Hyper-Casual/Sprites/Sprites by Menu/Buttons-assets/Pub Purple Button Open.png
  artifactKey: Guid(3dc65e8631455cd4d8916520d3e2990b) Importer(815301076,1909f56bfc062723c751e8b465ee728b)
Start importing Assets/Resources/GUI Mobile Hyper-Casual/Sprites/Sprites by Menu/Buttons-assets/Pub Purple Button Open.png using Guid(3dc65e8631455cd4d8916520d3e2990b) Importer(815301076,1909f56bfc062723c751e8b465ee728b)  -> (artifact id: '71da1b9cbc5b24837d1e4b5418678a30') in 0.026889 seconds
  Import took 0.036072 seconds .

========================================================================
Received Import Request.
  Time since last request: 0.000409 seconds.
  path: Assets/Resources/GUI Mobile Hyper-Casual/Sprites/Sprites by Menu/Buttons-assets/Blue Button Open.png
  artifactKey: Guid(12c77e29b093ae3459f9764419477d24) Importer(815301076,1909f56bfc062723c751e8b465ee728b)
Start importing Assets/Resources/GUI Mobile Hyper-Casual/Sprites/Sprites by Menu/Buttons-assets/Blue Button Open.png using Guid(12c77e29b093ae3459f9764419477d24) Importer(815301076,1909f56bfc062723c751e8b465ee728b)  -> (artifact id: '2296ab13d7f39fc8b9081dfeedf9b376') in 0.034258 seconds
  Import took 0.057198 seconds .

========================================================================
Received Import Request.
  Time since last request: 0.000432 seconds.
  path: Assets/Resources/GUI Mobile Hyper-Casual/Sprites/Sprites by Menu/Buttons-assets/Green Button Continue.png
  artifactKey: Guid(6ba2a62783c8a3e42943a53eaa43d258) Importer(815301076,1909f56bfc062723c751e8b465ee728b)
Start importing Assets/Resources/GUI Mobile Hyper-Casual/Sprites/Sprites by Menu/Buttons-assets/Green Button Continue.png using Guid(6ba2a62783c8a3e42943a53eaa43d258) Importer(815301076,1909f56bfc062723c751e8b465ee728b)  -> (artifact id: 'deb768f41a065209d35e4e842208bffc') in 0.064799 seconds
  Import took 0.105867 seconds .

========================================================================
Received Import Request.
  Time since last request: 0.001362 seconds.
  path: Assets/Resources/GUI Mobile Hyper-Casual/Sprites/Sprites by Menu/Buttons-assets/Pub Blue Button Skip.png
  artifactKey: Guid(33ef6e351262d8244b3ccac0303540d7) Importer(815301076,1909f56bfc062723c751e8b465ee728b)
Start importing Assets/Resources/GUI Mobile Hyper-Casual/Sprites/Sprites by Menu/Buttons-assets/Pub Blue Button Skip.png using Guid(33ef6e351262d8244b3ccac0303540d7) Importer(815301076,1909f56bfc062723c751e8b465ee728b)  -> (artifact id: 'cd637ba2dd1101814fcd585caabfffd7') in 0.141300 seconds
  Import took 0.162956 seconds .

========================================================================
Received Import Request.
  Time since last request: 0.000778 seconds.
  path: Assets/Resources/GUI Mobile Hyper-Casual/Sprites/Sprites by Menu/Buttons-assets/Pub Green Button Open.png
  artifactKey: Guid(2738152b439d83443bbb5c555410c9e9) Importer(815301076,1909f56bfc062723c751e8b465ee728b)
Start importing Assets/Resources/GUI Mobile Hyper-Casual/Sprites/Sprites by Menu/Buttons-assets/Pub Green Button Open.png using Guid(2738152b439d83443bbb5c555410c9e9) Importer(815301076,1909f56bfc062723c751e8b465ee728b)  -> (artifact id: '3f008427d5a6f64bd216c3fe8592fc55') in 0.077172 seconds
  Import took 0.090001 seconds .

========================================================================
Received Import Request.
  Time since last request: 0.000471 seconds.
  path: Assets/Resources/GUI Mobile Hyper-Casual/Sprites/Sprites by Menu/Buttons-assets/Pub Green Button Claim.png
  artifactKey: Guid(a07482c6da3510c458382cd04ff0347a) Importer(815301076,1909f56bfc062723c751e8b465ee728b)
Start importing Assets/Resources/GUI Mobile Hyper-Casual/Sprites/Sprites by Menu/Buttons-assets/Pub Green Button Claim.png using Guid(a07482c6da3510c458382cd04ff0347a) Importer(815301076,1909f56bfc062723c751e8b465ee728b)  -> (artifact id: 'dfd922c77ed63b5dfa2e61832c0b2c37') in 0.083982 seconds
  Import took 0.113742 seconds .

========================================================================
Received Import Request.
  Time since last request: 0.000966 seconds.
  path: Assets/Resources/GUI Mobile Hyper-Casual/Sprites/Sprites by Menu/Buttons-assets/Pub Green Button Open.png
  artifactKey: Guid(2738152b439d83443bbb5c555410c9e9) Importer(815301076,1909f56bfc062723c751e8b465ee728b)
Start importing Assets/Resources/GUI Mobile Hyper-Casual/Sprites/Sprites by Menu/Buttons-assets/Pub Green Button Open.png using Guid(2738152b439d83443bbb5c555410c9e9) Importer(815301076,1909f56bfc062723c751e8b465ee728b)  -> (artifact id: '3f008427d5a6f64bd216c3fe8592fc55') in 0.030716 seconds
  Import took 0.046547 seconds .

========================================================================
Received Import Request.
  Time since last request: 0.000992 seconds.
  path: Assets/Resources/GUI Mobile Hyper-Casual/Sprites/Sprites by Menu/Buttons-assets/Blue Button Start.png
  artifactKey: Guid(df27390d2f68d864a8d0d907559038cf) Importer(815301076,1909f56bfc062723c751e8b465ee728b)
Start importing Assets/Resources/GUI Mobile Hyper-Casual/Sprites/Sprites by Menu/Buttons-assets/Blue Button Start.png using Guid(df27390d2f68d864a8d0d907559038cf) Importer(815301076,1909f56bfc062723c751e8b465ee728b)  -> (artifact id: '3a413d44f5f8a44e2fbd44583d23f0ff') in 0.094670 seconds
  Import took 0.135309 seconds .

========================================================================
Received Import Request.
  Time since last request: 0.000377 seconds.
  path: Assets/Resources/GUI Mobile Hyper-Casual/Sprites/Sprites by Menu/Buttons-assets/Green Button Go.png
  artifactKey: Guid(788d992ac879a89469757bd41420e238) Importer(815301076,1909f56bfc062723c751e8b465ee728b)
Start importing Assets/Resources/GUI Mobile Hyper-Casual/Sprites/Sprites by Menu/Buttons-assets/Green Button Go.png using Guid(788d992ac879a89469757bd41420e238) Importer(815301076,1909f56bfc062723c751e8b465ee728b)  -> (artifact id: 'f6832d454a86180ff04b9f4d3459cefa') in 0.049570 seconds
  Import took 0.057480 seconds .

========================================================================
Received Import Request.
  Time since last request: 0.000345 seconds.
  path: Assets/Resources/GUI Mobile Hyper-Casual/Sprites/Sprites by Menu/Buttons-assets/Pub Green Button Skip.png
  artifactKey: Guid(b022c627514338746950564b774c4ca9) Importer(815301076,1909f56bfc062723c751e8b465ee728b)
Start importing Assets/Resources/GUI Mobile Hyper-Casual/Sprites/Sprites by Menu/Buttons-assets/Pub Green Button Skip.png using Guid(b022c627514338746950564b774c4ca9) Importer(815301076,1909f56bfc062723c751e8b465ee728b)  -> (artifact id: 'a249ab3a4ae849663b8b1e8ccc98e1da') in 0.092536 seconds
  Import took 0.121630 seconds .

========================================================================
Received Import Request.
  Time since last request: 0.000492 seconds.
  path: Assets/Resources/GUI Mobile Hyper-Casual/Sprites/Sprites by Menu/Buttons-assets/Button5.png
  artifactKey: Guid(6ef4f7b7567571a47a5f17f7e2c5423d) Importer(815301076,1909f56bfc062723c751e8b465ee728b)
Start importing Assets/Resources/GUI Mobile Hyper-Casual/Sprites/Sprites by Menu/Buttons-assets/Button5.png using Guid(6ef4f7b7567571a47a5f17f7e2c5423d) Importer(815301076,1909f56bfc062723c751e8b465ee728b)  -> (artifact id: '85c5b55d47710ab26e6376be3558a677') in 0.050309 seconds
  Import took 0.063235 seconds .

========================================================================
Received Import Request.
  Time since last request: 0.001548 seconds.
  path: Assets/Resources/GUI Mobile Hyper-Casual/Sprites/Sprites by Menu/Buttons-assets/Button3.png
  artifactKey: Guid(4e134730a112dec4e8467371c0aceda2) Importer(815301076,1909f56bfc062723c751e8b465ee728b)
Start importing Assets/Resources/GUI Mobile Hyper-Casual/Sprites/Sprites by Menu/Buttons-assets/Button3.png using Guid(4e134730a112dec4e8467371c0aceda2) Importer(815301076,1909f56bfc062723c751e8b465ee728b)  -> (artifact id: '4f61693e4a5089c9618eab05c6643266') in 0.074294 seconds
  Import took 0.102328 seconds .

========================================================================
Received Import Request.
  Time since last request: 0.000854 seconds.
  path: Assets/Resources/GUI Mobile Hyper-Casual/Sprites/Sprites by Menu/Buttons-assets/Blue Button Continue.png
  artifactKey: Guid(a8653d5f88eeddc419a999485704841e) Importer(815301076,1909f56bfc062723c751e8b465ee728b)
Start importing Assets/Resources/GUI Mobile Hyper-Casual/Sprites/Sprites by Menu/Buttons-assets/Blue Button Continue.png using Guid(a8653d5f88eeddc419a999485704841e) Importer(815301076,1909f56bfc062723c751e8b465ee728b)  -> (artifact id: 'ecf36e2a97b04217b683070fce494b72') in 0.110678 seconds
  Import took 0.136940 seconds .

========================================================================
Received Import Request.
  Time since last request: 0.000986 seconds.
  path: Assets/Resources/GUI Mobile Hyper-Casual/Sprites/Sprites by Menu/Buttons-assets/Button4.png
  artifactKey: Guid(d1e9bedf2e4ee1f4c8b6911a35a51a6a) Importer(815301076,1909f56bfc062723c751e8b465ee728b)
Start importing Assets/Resources/GUI Mobile Hyper-Casual/Sprites/Sprites by Menu/Buttons-assets/Button4.png using Guid(d1e9bedf2e4ee1f4c8b6911a35a51a6a) Importer(815301076,1909f56bfc062723c751e8b465ee728b)  -> (artifact id: '3ba1f56fe2cc16a692a139c996f3a787') in 0.199849 seconds
  Import took 0.377295 seconds .

========================================================================
Received Import Request.
  Time since last request: 0.000946 seconds.
  path: Assets/Resources/GUI Mobile Hyper-Casual/Sprites/Sprites by Menu/Buttons-assets/Button6.png
  artifactKey: Guid(681f5cfe0b3dcab4487b63a423f78fd3) Importer(815301076,1909f56bfc062723c751e8b465ee728b)
Start importing Assets/Resources/GUI Mobile Hyper-Casual/Sprites/Sprites by Menu/Buttons-assets/Button6.png using Guid(681f5cfe0b3dcab4487b63a423f78fd3) Importer(815301076,1909f56bfc062723c751e8b465ee728b)  -> (artifact id: '9495023e4f48423d3b30f516d14fdca4') in 0.220234 seconds
  Import took 0.285027 seconds .

========================================================================
Received Import Request.
  Time since last request: 0.000661 seconds.
  path: Assets/Resources/GUI Mobile Hyper-Casual/Sprites/Sprites by Menu/Buttons-assets/Pub Purple Button Claim.png
  artifactKey: Guid(3675fbff22aff6f4883f4de37296ccd5) Importer(815301076,1909f56bfc062723c751e8b465ee728b)
Start importing Assets/Resources/GUI Mobile Hyper-Casual/Sprites/Sprites by Menu/Buttons-assets/Pub Purple Button Claim.png using Guid(3675fbff22aff6f4883f4de37296ccd5) Importer(815301076,1909f56bfc062723c751e8b465ee728b)  -> (artifact id: '22a82dec4bc45fb3f0c63a3f0fc10327') in 0.220565 seconds
  Import took 0.237524 seconds .

========================================================================
Received Import Request.
  Time since last request: 0.000611 seconds.
  path: Assets/Resources/GUI Mobile Hyper-Casual/Sprites/Sprites by Menu/Buttons-assets/Green Button Claim.png
  artifactKey: Guid(53b04564ee76a5f44a6eeb0443fd1fc9) Importer(815301076,1909f56bfc062723c751e8b465ee728b)
Start importing Assets/Resources/GUI Mobile Hyper-Casual/Sprites/Sprites by Menu/Buttons-assets/Green Button Claim.png using Guid(53b04564ee76a5f44a6eeb0443fd1fc9) Importer(815301076,1909f56bfc062723c751e8b465ee728b)  -> (artifact id: '439a6a5dc4bdc4c85109cae3cc26bf67') in 0.274083 seconds
  Import took 0.285223 seconds .

========================================================================
Received Import Request.
  Time since last request: 0.001261 seconds.
  path: Assets/Resources/GUI Mobile Hyper-Casual/Sprites/Sprites by Menu/Buttons-assets/Pub Purple Button Skip.png
  artifactKey: Guid(0bdbb5949a9dda04dbd602d61c03a648) Importer(815301076,1909f56bfc062723c751e8b465ee728b)
Start importing Assets/Resources/GUI Mobile Hyper-Casual/Sprites/Sprites by Menu/Buttons-assets/Pub Purple Button Skip.png using Guid(0bdbb5949a9dda04dbd602d61c03a648) Importer(815301076,1909f56bfc062723c751e8b465ee728b)  -> (artifact id: '8d9d6ca5507e39efcd7a3456a09c17fc') in 0.960762 seconds
  Import took 1.226509 seconds .

========================================================================
Received Import Request.
  Time since last request: 20.547680 seconds.
  path: Assets/Resources/GUI Mobile Hyper-Casual/Sprites/Sprites by Menu/Win-assets/Materials/White Guft Progress Bar.mat
  artifactKey: Guid(fca4035816bf05444a8ead0d27663862) Importer(815301076,1909f56bfc062723c751e8b465ee728b)
Start importing Assets/Resources/GUI Mobile Hyper-Casual/Sprites/Sprites by Menu/Win-assets/Materials/White Guft Progress Bar.mat using Guid(fca4035816bf05444a8ead0d27663862) Importer(815301076,1909f56bfc062723c751e8b465ee728b)  -> (artifact id: '4ad772249031d2d31b56ad3ef4f365c2') in 0.560962 seconds
  Import took 0.595082 seconds .

========================================================================
Received Import Request.
  Time since last request: 62.701709 seconds.
  path: Assets/Resources/GUI Mobile Hyper-Casual/Sprites/Sprites by Menu/Home-assets/Background Bar Progress Challenge.png
  artifactKey: Guid(0bbf455189ab5964c9d8601972602d1f) Importer(815301076,1909f56bfc062723c751e8b465ee728b)
Start importing Assets/Resources/GUI Mobile Hyper-Casual/Sprites/Sprites by Menu/Home-assets/Background Bar Progress Challenge.png using Guid(0bbf455189ab5964c9d8601972602d1f) Importer(815301076,1909f56bfc062723c751e8b465ee728b)  -> (artifact id: '12e19e2cb6c5135f2758b606d929efd8') in 0.157732 seconds
  Import took 0.200310 seconds .

========================================================================
Received Import Request.
  Time since last request: 0.001323 seconds.
  path: Assets/Resources/GUI Mobile Hyper-Casual/Sprites/Sprites by Menu/Home-assets/Bouton pub.png
  artifactKey: Guid(ccf259383fe22774ca377ca361679073) Importer(815301076,1909f56bfc062723c751e8b465ee728b)
Start importing Assets/Resources/GUI Mobile Hyper-Casual/Sprites/Sprites by Menu/Home-assets/Bouton pub.png using Guid(ccf259383fe22774ca377ca361679073) Importer(815301076,1909f56bfc062723c751e8b465ee728b)  -> (artifact id: 'e687492202c835e8fefd5bd347512e83') in 0.147956 seconds
  Import took 0.187415 seconds .

========================================================================
Received Import Request.
  Time since last request: 0.000884 seconds.
  path: Assets/Resources/GUI Mobile Hyper-Casual/Sprites/Sprites by Menu/Home-assets/Blue Case.png
  artifactKey: Guid(447768aa11732104ea8c407367fe9e62) Importer(815301076,1909f56bfc062723c751e8b465ee728b)
Start importing Assets/Resources/GUI Mobile Hyper-Casual/Sprites/Sprites by Menu/Home-assets/Blue Case.png using Guid(447768aa11732104ea8c407367fe9e62) Importer(815301076,1909f56bfc062723c751e8b465ee728b)  -> (artifact id: '294b6a1ff335b3137adef5724c2ddbad') in 0.105849 seconds
  Import took 0.130594 seconds .

========================================================================
Received Import Request.
  Time since last request: 0.000423 seconds.
  path: Assets/Resources/GUI Mobile Hyper-Casual/Sprites/Sprites by Menu/Home-assets/Background Customize.png
  artifactKey: Guid(ea34a02283d71124cb3cae56094e5e65) Importer(815301076,1909f56bfc062723c751e8b465ee728b)
Start importing Assets/Resources/GUI Mobile Hyper-Casual/Sprites/Sprites by Menu/Home-assets/Background Customize.png using Guid(ea34a02283d71124cb3cae56094e5e65) Importer(815301076,1909f56bfc062723c751e8b465ee728b)  -> (artifact id: 'be421c01b341aa57f955dab60fc97937') in 0.307528 seconds
  Import took 0.377418 seconds .

========================================================================
Received Import Request.
  Time since last request: 0.000932 seconds.
  path: Assets/Resources/GUI Mobile Hyper-Casual/Sprites/Sprites by Menu/Home-assets/Case Select.png
  artifactKey: Guid(03b62a6533b97bf428f151a5820f3ec4) Importer(815301076,1909f56bfc062723c751e8b465ee728b)
Start importing Assets/Resources/GUI Mobile Hyper-Casual/Sprites/Sprites by Menu/Home-assets/Case Select.png using Guid(03b62a6533b97bf428f151a5820f3ec4) Importer(815301076,1909f56bfc062723c751e8b465ee728b)  -> (artifact id: '9c77190c89d37ee33fbaace8248ada13') in 0.102570 seconds
  Import took 0.152452 seconds .

========================================================================
Received Import Request.
  Time since last request: 0.000606 seconds.
  path: Assets/Resources/GUI Mobile Hyper-Casual/Sprites/Sprites by Menu/Home-assets/Challenge.png
  artifactKey: Guid(3f15097fcf8d13447b9fa44b4b42135c) Importer(815301076,1909f56bfc062723c751e8b465ee728b)
Start importing Assets/Resources/GUI Mobile Hyper-Casual/Sprites/Sprites by Menu/Home-assets/Challenge.png using Guid(3f15097fcf8d13447b9fa44b4b42135c) Importer(815301076,1909f56bfc062723c751e8b465ee728b)  -> (artifact id: '8fa2018a93fda674b112e4adc7aaf139') in 0.128127 seconds
  Import took 0.179483 seconds .

========================================================================
Received Import Request.
  Time since last request: 0.000547 seconds.
  path: Assets/Resources/GUI Mobile Hyper-Casual/Sprites/Sprites by Menu/Home-assets/Case Day 2.png
  artifactKey: Guid(fc35e0867b398054eb3b56a9cf51ebaa) Importer(815301076,1909f56bfc062723c751e8b465ee728b)
Start importing Assets/Resources/GUI Mobile Hyper-Casual/Sprites/Sprites by Menu/Home-assets/Case Day 2.png using Guid(fc35e0867b398054eb3b56a9cf51ebaa) Importer(815301076,1909f56bfc062723c751e8b465ee728b)  -> (artifact id: '41c394acd0b1545895ee5ae5e855c086') in 0.041444 seconds
  Import took 0.071486 seconds .

========================================================================
Received Import Request.
  Time since last request: 0.000645 seconds.
  path: Assets/Resources/GUI Mobile Hyper-Casual/Sprites/Sprites by Menu/Home-assets/Bonus.png
  artifactKey: Guid(ccad7e4039ada0b40b04704082d76aec) Importer(815301076,1909f56bfc062723c751e8b465ee728b)
Start importing Assets/Resources/GUI Mobile Hyper-Casual/Sprites/Sprites by Menu/Home-assets/Bonus.png using Guid(ccad7e4039ada0b40b04704082d76aec) Importer(815301076,1909f56bfc062723c751e8b465ee728b)  -> (artifact id: 'a4bb75839d7a4515a9a32014a3fe8be8') in 0.229443 seconds
  Import took 0.302649 seconds .

========================================================================
Received Import Request.
  Time since last request: 0.000886 seconds.
  path: Assets/Resources/GUI Mobile Hyper-Casual/Sprites/Sprites by Menu/Home-assets/Close Green.png
  artifactKey: Guid(48c4a8db2728f774ca9ed503a4112135) Importer(815301076,1909f56bfc062723c751e8b465ee728b)
Start importing Assets/Resources/GUI Mobile Hyper-Casual/Sprites/Sprites by Menu/Home-assets/Close Green.png using Guid(48c4a8db2728f774ca9ed503a4112135) Importer(815301076,1909f56bfc062723c751e8b465ee728b)  -> (artifact id: 'ffd31de73aa2a2916db7a7f49383eb4c') in 0.061777 seconds
  Import took 0.099056 seconds .

========================================================================
Received Import Request.
  Time since last request: 0.001141 seconds.
  path: Assets/Resources/GUI Mobile Hyper-Casual/Sprites/Sprites by Menu/Home-assets/Close Yellow.png
  artifactKey: Guid(5d63e2f130bccc74a8c34bf480357ba2) Importer(815301076,1909f56bfc062723c751e8b465ee728b)
Start importing Assets/Resources/GUI Mobile Hyper-Casual/Sprites/Sprites by Menu/Home-assets/Close Yellow.png using Guid(5d63e2f130bccc74a8c34bf480357ba2) Importer(815301076,1909f56bfc062723c751e8b465ee728b)  -> (artifact id: '44aab43bf5db31a7e8bef4d8d3bc7b50') in 0.065547 seconds
  Import took 0.108310 seconds .

========================================================================
Received Import Request.
  Time since last request: 0.000439 seconds.
  path: Assets/Resources/GUI Mobile Hyper-Casual/Sprites/Sprites by Menu/Home-assets/Background Buttons Menu.png
  artifactKey: Guid(664532547e17b244499b6ddc142ebb62) Importer(815301076,1909f56bfc062723c751e8b465ee728b)
Start importing Assets/Resources/GUI Mobile Hyper-Casual/Sprites/Sprites by Menu/Home-assets/Background Buttons Menu.png using Guid(664532547e17b244499b6ddc142ebb62) Importer(815301076,1909f56bfc062723c751e8b465ee728b)  -> (artifact id: '5cc8f6c0f79c2133d437be01dd4e510d') in 0.063295 seconds
  Import took 0.117556 seconds .

========================================================================
Received Import Request.
  Time since last request: 0.000376 seconds.
  path: Assets/Resources/GUI Mobile Hyper-Casual/Sprites/Sprites by Menu/Home-assets/Common.png
  artifactKey: Guid(f3d8a9715b840df4c90c49cced8b8314) Importer(815301076,1909f56bfc062723c751e8b465ee728b)
Start importing Assets/Resources/GUI Mobile Hyper-Casual/Sprites/Sprites by Menu/Home-assets/Common.png using Guid(f3d8a9715b840df4c90c49cced8b8314) Importer(815301076,1909f56bfc062723c751e8b465ee728b)  -> (artifact id: 'f4ccc8e0efa12c55936c411607583328') in 0.059542 seconds
  Import took 0.065956 seconds .

========================================================================
Received Import Request.
  Time since last request: 0.000365 seconds.
  path: Assets/Resources/GUI Mobile Hyper-Casual/Sprites/Sprites by Menu/Home-assets/Bar Progress Challenge.png
  artifactKey: Guid(db7fd76143b8b8e4d87df4e9f1591bde) Importer(815301076,1909f56bfc062723c751e8b465ee728b)
Start importing Assets/Resources/GUI Mobile Hyper-Casual/Sprites/Sprites by Menu/Home-assets/Bar Progress Challenge.png using Guid(db7fd76143b8b8e4d87df4e9f1591bde) Importer(815301076,1909f56bfc062723c751e8b465ee728b)  -> (artifact id: 'e78af7529cf39345c41d6e6ff5dbf494') in 0.058145 seconds
  Import took 0.085730 seconds .

========================================================================
Received Import Request.
  Time since last request: 0.000356 seconds.
  path: Assets/Resources/GUI Mobile Hyper-Casual/Sprites/Sprites by Menu/Home-assets/Case Day 1.png
  artifactKey: Guid(efff13787579e7649939b29670d40a4b) Importer(815301076,1909f56bfc062723c751e8b465ee728b)
Start importing Assets/Resources/GUI Mobile Hyper-Casual/Sprites/Sprites by Menu/Home-assets/Case Day 1.png using Guid(efff13787579e7649939b29670d40a4b) Importer(815301076,1909f56bfc062723c751e8b465ee728b)  -> (artifact id: '8db08e79d37a3a19c52dede9491ae9f6') in 0.056960 seconds
  Import took 0.063655 seconds .

========================================================================
Received Import Request.
  Time since last request: 0.000566 seconds.
  path: Assets/Resources/GUI Mobile Hyper-Casual/Sprites/Sprites by Menu/Home-assets/Background Icon Setting.png
  artifactKey: Guid(31db0a35d4be6fa4d9a54754dbbd2584) Importer(815301076,1909f56bfc062723c751e8b465ee728b)
Start importing Assets/Resources/GUI Mobile Hyper-Casual/Sprites/Sprites by Menu/Home-assets/Background Icon Setting.png using Guid(31db0a35d4be6fa4d9a54754dbbd2584) Importer(815301076,1909f56bfc062723c751e8b465ee728b)  -> (artifact id: '269f8e68be503bcd63629be47527676f') in 0.099124 seconds
  Import took 0.134434 seconds .

========================================================================
Received Import Request.
  Time since last request: 0.001001 seconds.
  path: Assets/Resources/GUI Mobile Hyper-Casual/Sprites/Sprites by Menu/Home-assets/Case Unlock.png
  artifactKey: Guid(a40909543a92f234399ecd9f72def59d) Importer(815301076,1909f56bfc062723c751e8b465ee728b)
Start importing Assets/Resources/GUI Mobile Hyper-Casual/Sprites/Sprites by Menu/Home-assets/Case Unlock.png using Guid(a40909543a92f234399ecd9f72def59d) Importer(815301076,1909f56bfc062723c751e8b465ee728b)  -> (artifact id: 'e91834257980980f230278134f29730d') in 0.082893 seconds
  Import took 0.099514 seconds .

========================================================================
Received Import Request.
  Time since last request: 0.000417 seconds.
  path: Assets/Resources/GUI Mobile Hyper-Casual/Sprites/Sprites by Menu/Home-assets/Close Purple.png
  artifactKey: Guid(f9f00e28fa9c89d44a91c880a49c1b31) Importer(815301076,1909f56bfc062723c751e8b465ee728b)
Start importing Assets/Resources/GUI Mobile Hyper-Casual/Sprites/Sprites by Menu/Home-assets/Close Purple.png using Guid(f9f00e28fa9c89d44a91c880a49c1b31) Importer(815301076,1909f56bfc062723c751e8b465ee728b)  -> (artifact id: '342ddc1517c82cf563ca99fde6d08a81') in 0.022545 seconds
  Import took 0.069500 seconds .

========================================================================
Received Import Request.
  Time since last request: 0.000645 seconds.
  path: Assets/Resources/GUI Mobile Hyper-Casual/Sprites/Sprites by Menu/Home-assets/Blue Square.png
  artifactKey: Guid(fbb809cd7e4fd064b8a63e71f85242d9) Importer(815301076,1909f56bfc062723c751e8b465ee728b)
Start importing Assets/Resources/GUI Mobile Hyper-Casual/Sprites/Sprites by Menu/Home-assets/Blue Square.png using Guid(fbb809cd7e4fd064b8a63e71f85242d9) Importer(815301076,1909f56bfc062723c751e8b465ee728b)  -> (artifact id: '66ea65d26e27bc6e980fce36dc541306') in 0.117813 seconds
  Import took 0.123840 seconds .

========================================================================
Received Import Request.
  Time since last request: 0.001409 seconds.
  path: Assets/Resources/GUI Mobile Hyper-Casual/Sprites/Sprites by Menu/Home-assets/Case Lock.png
  artifactKey: Guid(89b13fb9b22d762479750933c96f4f0a) Importer(815301076,1909f56bfc062723c751e8b465ee728b)
Start importing Assets/Resources/GUI Mobile Hyper-Casual/Sprites/Sprites by Menu/Home-assets/Case Lock.png using Guid(89b13fb9b22d762479750933c96f4f0a) Importer(815301076,1909f56bfc062723c751e8b465ee728b)  -> (artifact id: '10706438867a7056a882c7a1237d8a53') in 0.104453 seconds
  Import took 0.134256 seconds .

========================================================================
Received Import Request.
  Time since last request: 0.000896 seconds.
  path: Assets/Resources/GUI Mobile Hyper-Casual/Sprites/Sprites by Menu/Home-assets/Close Background Customize.png
  artifactKey: Guid(946e04e6fbb597948879c3e5b1beb2cb) Importer(815301076,1909f56bfc062723c751e8b465ee728b)
Start importing Assets/Resources/GUI Mobile Hyper-Casual/Sprites/Sprites by Menu/Home-assets/Close Background Customize.png using Guid(946e04e6fbb597948879c3e5b1beb2cb) Importer(815301076,1909f56bfc062723c751e8b465ee728b)  -> (artifact id: '19e5b392d3b8388d2d22af581ea78ffa') in 0.077258 seconds
  Import took 0.110264 seconds .

========================================================================
Received Import Request.
  Time since last request: 0.000945 seconds.
  path: Assets/Resources/GUI Mobile Hyper-Casual/Sprites/Sprites by Menu/Home-assets/Case Title Background Customize.png
  artifactKey: Guid(3614f313cf34f684b9d4e8d198231616) Importer(815301076,1909f56bfc062723c751e8b465ee728b)
Start importing Assets/Resources/GUI Mobile Hyper-Casual/Sprites/Sprites by Menu/Home-assets/Case Title Background Customize.png using Guid(3614f313cf34f684b9d4e8d198231616) Importer(815301076,1909f56bfc062723c751e8b465ee728b)  -> (artifact id: 'e6870c7633fbf3c81f31b3f0afc3984c') in 0.187558 seconds
  Import took 0.210627 seconds .

========================================================================
Received Import Request.
  Time since last request: 44.046904 seconds.
  path: Assets/Resources/GUI Mobile Hyper-Casual/Sprites/Sprites by Menu/In Game-assets/Materials
  artifactKey: Guid(17ab85b40e3d54b41a2c9b37018a2c30) Importer(815301076,1909f56bfc062723c751e8b465ee728b)
Start importing Assets/Resources/GUI Mobile Hyper-Casual/Sprites/Sprites by Menu/In Game-assets/Materials using Guid(17ab85b40e3d54b41a2c9b37018a2c30) Importer(815301076,1909f56bfc062723c751e8b465ee728b)  -> (artifact id: '9101e0073a1b080482c1409387f2808f') in 0.014934 seconds
  Import took 0.061203 seconds .

========================================================================
Received Import Request.
  Time since last request: 0.059653 seconds.
  path: Assets/Resources/GUI Mobile Hyper-Casual/Sprites/Sprites by Menu/In Game-assets/Materials/Barre de progression 2.mat
  artifactKey: Guid(b1b0cc15fc92c3347991c3f4e9845501) Importer(815301076,1909f56bfc062723c751e8b465ee728b)
Start importing Assets/Resources/GUI Mobile Hyper-Casual/Sprites/Sprites by Menu/In Game-assets/Materials/Barre de progression 2.mat using Guid(b1b0cc15fc92c3347991c3f4e9845501) Importer(815301076,1909f56bfc062723c751e8b465ee728b)  -> (artifact id: 'f7b243c2944920843b2d16f7dbdd2d65') in 0.027308 seconds
  Import took 0.047254 seconds .

========================================================================
Received Import Request.
  Time since last request: 12.851541 seconds.
  path: Assets/Resources/GUI Mobile Hyper-Casual/Sprites/Sprites by Menu/Home-assets/Pop up Purple.png
  artifactKey: Guid(c0042521c3c102049b7a2612df7c9ae1) Importer(815301076,1909f56bfc062723c751e8b465ee728b)
Start importing Assets/Resources/GUI Mobile Hyper-Casual/Sprites/Sprites by Menu/Home-assets/Pop up Purple.png using Guid(c0042521c3c102049b7a2612df7c9ae1) Importer(815301076,1909f56bfc062723c751e8b465ee728b)  -> (artifact id: '54fb118af649a836caa2258fc01ec5b8') in 0.302496 seconds
  Import took 0.340912 seconds .

========================================================================
Received Import Request.
  Time since last request: 0.000458 seconds.
  path: Assets/Resources/GUI Mobile Hyper-Casual/Sprites/Sprites by Menu/Home-assets/Unlok random 1.png
  artifactKey: Guid(764c880effa81a848bafadbd37cc0315) Importer(815301076,1909f56bfc062723c751e8b465ee728b)
Start importing Assets/Resources/GUI Mobile Hyper-Casual/Sprites/Sprites by Menu/Home-assets/Unlok random 1.png using Guid(764c880effa81a848bafadbd37cc0315) Importer(815301076,1909f56bfc062723c751e8b465ee728b)  -> (artifact id: 'cc1aeee4270d32d522abc6cd6da40f76') in 0.021639 seconds
  Import took 0.041404 seconds .

========================================================================
Received Import Request.
  Time since last request: 0.000748 seconds.
  path: Assets/Resources/GUI Mobile Hyper-Casual/Sprites/Sprites by Menu/Home-assets/Yellow Square.png
  artifactKey: Guid(448da1362e1336540b9e48db487816ee) Importer(815301076,1909f56bfc062723c751e8b465ee728b)
Start importing Assets/Resources/GUI Mobile Hyper-Casual/Sprites/Sprites by Menu/Home-assets/Yellow Square.png using Guid(448da1362e1336540b9e48db487816ee) Importer(815301076,1909f56bfc062723c751e8b465ee728b)  -> (artifact id: '97f8f12c908014487e122bebba66b765') in 0.052871 seconds
  Import took 0.073817 seconds .

========================================================================
Received Import Request.
  Time since last request: 0.000344 seconds.
  path: Assets/Resources/GUI Mobile Hyper-Casual/Sprites/Sprites by Menu/Home-assets/Purple Square.png
  artifactKey: Guid(afc2d52c1721c944bb62116cccaf3f19) Importer(815301076,1909f56bfc062723c751e8b465ee728b)
Start importing Assets/Resources/GUI Mobile Hyper-Casual/Sprites/Sprites by Menu/Home-assets/Purple Square.png using Guid(afc2d52c1721c944bb62116cccaf3f19) Importer(815301076,1909f56bfc062723c751e8b465ee728b)  -> (artifact id: '8f450d4f109111d8f8d7943e9cf97963') in 0.044465 seconds
  Import took 0.053280 seconds .

========================================================================
Received Import Request.
  Time since last request: 0.000376 seconds.
  path: Assets/Resources/GUI Mobile Hyper-Casual/Sprites/Sprites by Menu/Home-assets/Rare.png
  artifactKey: Guid(78cb4d423bcd3424b9b3e198e2f6d9d4) Importer(815301076,1909f56bfc062723c751e8b465ee728b)
Start importing Assets/Resources/GUI Mobile Hyper-Casual/Sprites/Sprites by Menu/Home-assets/Rare.png using Guid(78cb4d423bcd3424b9b3e198e2f6d9d4) Importer(815301076,1909f56bfc062723c751e8b465ee728b)  -> (artifact id: '74333cde7107d5a6eefeced2d153228a') in 0.077613 seconds
  Import took 0.110188 seconds .

========================================================================
Received Import Request.
  Time since last request: 0.000559 seconds.
  path: Assets/Resources/GUI Mobile Hyper-Casual/Sprites/Sprites by Menu/Home-assets/Sound.png
  artifactKey: Guid(47dcfff609dd89a4f9fe3db804083472) Importer(815301076,1909f56bfc062723c751e8b465ee728b)
Start importing Assets/Resources/GUI Mobile Hyper-Casual/Sprites/Sprites by Menu/Home-assets/Sound.png using Guid(47dcfff609dd89a4f9fe3db804083472) Importer(815301076,1909f56bfc062723c751e8b465ee728b)  -> (artifact id: 'a60dd3b63d569db39b615757ee210338') in 0.068596 seconds
  Import took 0.100635 seconds .

========================================================================
Received Import Request.
  Time since last request: 0.000743 seconds.
  path: Assets/Resources/GUI Mobile Hyper-Casual/Sprites/Sprites by Menu/Home-assets/Radial Shine Purple.png
  artifactKey: Guid(78626c218f8cc8045a98334a862b41c9) Importer(815301076,1909f56bfc062723c751e8b465ee728b)
Start importing Assets/Resources/GUI Mobile Hyper-Casual/Sprites/Sprites by Menu/Home-assets/Radial Shine Purple.png using Guid(78626c218f8cc8045a98334a862b41c9) Importer(815301076,1909f56bfc062723c751e8b465ee728b)  -> (artifact id: '8c934b419196ac89e81bd8172967ec88') in 0.082046 seconds
  Import took 0.135821 seconds .

========================================================================
Received Import Request.
  Time since last request: 0.000903 seconds.
  path: Assets/Resources/GUI Mobile Hyper-Casual/Sprites/Sprites by Menu/Home-assets/Unlock random 2.png
  artifactKey: Guid(4477ec492a955414b9f41cb2a1886785) Importer(815301076,1909f56bfc062723c751e8b465ee728b)
Start importing Assets/Resources/GUI Mobile Hyper-Casual/Sprites/Sprites by Menu/Home-assets/Unlock random 2.png using Guid(4477ec492a955414b9f41cb2a1886785) Importer(815301076,1909f56bfc062723c751e8b465ee728b)  -> (artifact id: '33eb5ef10085de643b609b12779a30d6') in 0.103509 seconds
  Import took 0.151202 seconds .

========================================================================
Received Import Request.
  Time since last request: 0.001035 seconds.
  path: Assets/Resources/GUI Mobile Hyper-Casual/Sprites/Sprites by Menu/Home-assets/Pop up Yellow.png
  artifactKey: Guid(e3fa2e4a04010fa40b6229dcd1645929) Importer(815301076,1909f56bfc062723c751e8b465ee728b)
Start importing Assets/Resources/GUI Mobile Hyper-Casual/Sprites/Sprites by Menu/Home-assets/Pop up Yellow.png using Guid(e3fa2e4a04010fa40b6229dcd1645929) Importer(815301076,1909f56bfc062723c751e8b465ee728b)  -> (artifact id: 'dc5d1849e9638c4d202a1855f8dbdb00') in 0.104092 seconds
  Import took 0.114994 seconds .

========================================================================
Received Import Request.
  Time since last request: 693.770353 seconds.
  path: Assets/Resources/GUI Mobile Hyper-Casual/Sprites/Sprites by Menu/Buttons-assets/Pub Yellow Button Open.png
  artifactKey: Guid(37cda49eb47c1da41bcf972c88e6b5aa) Importer(815301076,1909f56bfc062723c751e8b465ee728b)
Start importing Assets/Resources/GUI Mobile Hyper-Casual/Sprites/Sprites by Menu/Buttons-assets/Pub Yellow Button Open.png using Guid(37cda49eb47c1da41bcf972c88e6b5aa) Importer(815301076,1909f56bfc062723c751e8b465ee728b)  -> (artifact id: 'ffff7a9229fa2876bd14c2001c8f41a5') in 0.313721 seconds
  Import took 0.338359 seconds .

========================================================================
Received Import Request.
  Time since last request: 0.001106 seconds.
  path: Assets/Resources/GUI Mobile Hyper-Casual/Sprites/Sprites by Menu/Buttons-assets/Purple Button Next.png
  artifactKey: Guid(0a97b2887f605024390309d9df946d48) Importer(815301076,1909f56bfc062723c751e8b465ee728b)
Start importing Assets/Resources/GUI Mobile Hyper-Casual/Sprites/Sprites by Menu/Buttons-assets/Purple Button Next.png using Guid(0a97b2887f605024390309d9df946d48) Importer(815301076,1909f56bfc062723c751e8b465ee728b)  -> (artifact id: '0792de6ed7fb971dd648b831ec6fd5b3') in 0.115929 seconds
  Import took 0.160913 seconds .

========================================================================
Received Import Request.
  Time since last request: 0.000947 seconds.
  path: Assets/Resources/GUI Mobile Hyper-Casual/Sprites/Sprites by Menu/Buttons-assets/Purple Button Skip.png
  artifactKey: Guid(a8023ca46de518043a09430f84c63a89) Importer(815301076,1909f56bfc062723c751e8b465ee728b)
Start importing Assets/Resources/GUI Mobile Hyper-Casual/Sprites/Sprites by Menu/Buttons-assets/Purple Button Skip.png using Guid(a8023ca46de518043a09430f84c63a89) Importer(815301076,1909f56bfc062723c751e8b465ee728b)  -> (artifact id: '78be5bc5ac79510305a38385aa6ddfd1') in 0.082457 seconds
  Import took 0.127044 seconds .

========================================================================
Received Import Request.
  Time since last request: 0.000358 seconds.
  path: Assets/Resources/GUI Mobile Hyper-Casual/Sprites/Sprites by Menu/Buttons-assets/Ribbon 4.png
  artifactKey: Guid(6134f3da095c88a4a90aba0883d8c4f9) Importer(815301076,1909f56bfc062723c751e8b465ee728b)
Start importing Assets/Resources/GUI Mobile Hyper-Casual/Sprites/Sprites by Menu/Buttons-assets/Ribbon 4.png using Guid(6134f3da095c88a4a90aba0883d8c4f9) Importer(815301076,1909f56bfc062723c751e8b465ee728b)  -> (artifact id: 'd9eb450b19a84db50d6b2a91176c38da') in 0.052770 seconds
  Import took 0.068540 seconds .

========================================================================
Received Import Request.
  Time since last request: 0.000548 seconds.
  path: Assets/Resources/GUI Mobile Hyper-Casual/Sprites/Sprites by Menu/Buttons-assets/Ribbon 2.png
  artifactKey: Guid(911dd65a950b4164fbcf2fad2ab31ec2) Importer(815301076,1909f56bfc062723c751e8b465ee728b)
Start importing Assets/Resources/GUI Mobile Hyper-Casual/Sprites/Sprites by Menu/Buttons-assets/Ribbon 2.png using Guid(911dd65a950b4164fbcf2fad2ab31ec2) Importer(815301076,1909f56bfc062723c751e8b465ee728b)  -> (artifact id: '1eaf613af63790d94e6e42ea6611762d') in 0.057306 seconds
  Import took 0.089067 seconds .

========================================================================
Received Import Request.
  Time since last request: 0.002365 seconds.
  path: Assets/Resources/GUI Mobile Hyper-Casual/Sprites/Sprites by Menu/Buttons-assets/Purple Button Go.png
  artifactKey: Guid(3701b3d82267b6347977cbd38d77969a) Importer(815301076,1909f56bfc062723c751e8b465ee728b)
Start importing Assets/Resources/GUI Mobile Hyper-Casual/Sprites/Sprites by Menu/Buttons-assets/Purple Button Go.png using Guid(3701b3d82267b6347977cbd38d77969a) Importer(815301076,1909f56bfc062723c751e8b465ee728b)  -> (artifact id: '04c1ebe963ff3ed4d8d4c25338aba81b') in 0.049453 seconds
  Import took 0.074169 seconds .

========================================================================
Received Import Request.
  Time since last request: 0.000676 seconds.
  path: Assets/Resources/GUI Mobile Hyper-Casual/Sprites/Sprites by Menu/Buttons-assets/Purple Button Open.png
  artifactKey: Guid(c620a070aa68db14295638283d8f963f) Importer(815301076,1909f56bfc062723c751e8b465ee728b)
Start importing Assets/Resources/GUI Mobile Hyper-Casual/Sprites/Sprites by Menu/Buttons-assets/Purple Button Open.png using Guid(c620a070aa68db14295638283d8f963f) Importer(815301076,1909f56bfc062723c751e8b465ee728b)  -> (artifact id: 'c5a5210f3bb6dc4b17db19f23d1f1658') in 0.093014 seconds
  Import took 0.133436 seconds .

========================================================================
Received Import Request.
  Time since last request: 0.000531 seconds.
  path: Assets/Resources/GUI Mobile Hyper-Casual/Sprites/Sprites by Menu/Buttons-assets/Ribbon 1.png
  artifactKey: Guid(ebc19c21f7b80b84f9e50b5f02a85aef) Importer(815301076,1909f56bfc062723c751e8b465ee728b)
Start importing Assets/Resources/GUI Mobile Hyper-Casual/Sprites/Sprites by Menu/Buttons-assets/Ribbon 1.png using Guid(ebc19c21f7b80b84f9e50b5f02a85aef) Importer(815301076,1909f56bfc062723c751e8b465ee728b)  -> (artifact id: 'd58a1f13accadd6a4a9173150046c7ae') in 0.077915 seconds
  Import took 0.091844 seconds .

========================================================================
Received Import Request.
  Time since last request: 0.001078 seconds.
  path: Assets/Resources/GUI Mobile Hyper-Casual/Sprites/Sprites by Menu/Buttons-assets/Pub Yellow Button Skip.png
  artifactKey: Guid(d1332b64b68ede24b9554656e0c2228e) Importer(815301076,1909f56bfc062723c751e8b465ee728b)
Start importing Assets/Resources/GUI Mobile Hyper-Casual/Sprites/Sprites by Menu/Buttons-assets/Pub Yellow Button Skip.png using Guid(d1332b64b68ede24b9554656e0c2228e) Importer(815301076,1909f56bfc062723c751e8b465ee728b)  -> (artifact id: '6503f9fea5966268d1ca16ac435e29a5') in 0.051450 seconds
  Import took 0.087753 seconds .

========================================================================
Received Import Request.
  Time since last request: 0.000506 seconds.
  path: Assets/Resources/GUI Mobile Hyper-Casual/Sprites/Sprites by Menu/Buttons-assets/Ribbon 3.png
  artifactKey: Guid(f2f087fca1036be40a08d450d6c05e36) Importer(815301076,1909f56bfc062723c751e8b465ee728b)
Start importing Assets/Resources/GUI Mobile Hyper-Casual/Sprites/Sprites by Menu/Buttons-assets/Ribbon 3.png using Guid(f2f087fca1036be40a08d450d6c05e36) Importer(815301076,1909f56bfc062723c751e8b465ee728b)  -> (artifact id: 'd416f061bf5c195e4c224b10cb458d37') in 0.035846 seconds
  Import took 0.104572 seconds .

========================================================================
Received Import Request.
  Time since last request: 0.000368 seconds.
  path: Assets/Resources/GUI Mobile Hyper-Casual/Sprites/Sprites by Menu/Buttons-assets/Purple Buton OK.png
  artifactKey: Guid(e20f7e2cd67f04e49b68ffa746f674f3) Importer(815301076,1909f56bfc062723c751e8b465ee728b)
Start importing Assets/Resources/GUI Mobile Hyper-Casual/Sprites/Sprites by Menu/Buttons-assets/Purple Buton OK.png using Guid(e20f7e2cd67f04e49b68ffa746f674f3) Importer(815301076,1909f56bfc062723c751e8b465ee728b)  -> (artifact id: 'dc76986e516b31848c5c3ac453aea840') in 0.053762 seconds
  Import took 0.063666 seconds .

========================================================================
Received Import Request.
  Time since last request: 0.000372 seconds.
  path: Assets/Resources/GUI Mobile Hyper-Casual/Sprites/Sprites by Menu/Buttons-assets/Yellow Button Continue.png
  artifactKey: Guid(a1301347e4a8dc14b8201fd803fa5afe) Importer(815301076,1909f56bfc062723c751e8b465ee728b)
Start importing Assets/Resources/GUI Mobile Hyper-Casual/Sprites/Sprites by Menu/Buttons-assets/Yellow Button Continue.png using Guid(a1301347e4a8dc14b8201fd803fa5afe) Importer(815301076,1909f56bfc062723c751e8b465ee728b)  -> (artifact id: 'bf45cd354b40943b6c4c9e0962cc40c0') in 0.052150 seconds
  Import took 0.079816 seconds .

========================================================================
Received Import Request.
  Time since last request: 0.000921 seconds.
  path: Assets/Resources/GUI Mobile Hyper-Casual/Sprites/Sprites by Menu/Buttons-assets/Yellow Button Claim.png
  artifactKey: Guid(bba6ca03ebdc27b4cbc2a8e996280b7b) Importer(815301076,1909f56bfc062723c751e8b465ee728b)
Start importing Assets/Resources/GUI Mobile Hyper-Casual/Sprites/Sprites by Menu/Buttons-assets/Yellow Button Claim.png using Guid(bba6ca03ebdc27b4cbc2a8e996280b7b) Importer(815301076,1909f56bfc062723c751e8b465ee728b)  -> (artifact id: '506feeb82c8e3c1742fe6e9d9fe35bd6') in 0.150421 seconds
  Import took 0.188491 seconds .

========================================================================
Received Import Request.
  Time since last request: 0.000987 seconds.
  path: Assets/Resources/GUI Mobile Hyper-Casual/Sprites/Sprites by Menu/Buttons-assets/Yellow Button Go.png
  artifactKey: Guid(83dfa67ee404b9347b5bfa9b2c711a94) Importer(815301076,1909f56bfc062723c751e8b465ee728b)
Start importing Assets/Resources/GUI Mobile Hyper-Casual/Sprites/Sprites by Menu/Buttons-assets/Yellow Button Go.png using Guid(83dfa67ee404b9347b5bfa9b2c711a94) Importer(815301076,1909f56bfc062723c751e8b465ee728b)  -> (artifact id: '1c77fac69d0f2a68805da3e68077d6af') in 0.074052 seconds
  Import took 0.106635 seconds .

========================================================================
Received Import Request.
  Time since last request: 0.000937 seconds.
  path: Assets/Resources/GUI Mobile Hyper-Casual/Sprites/Sprites by Menu/Buttons-assets/Yellow Button Open.png
  artifactKey: Guid(9cd3679652c48944a8e43ab8ccafe608) Importer(815301076,1909f56bfc062723c751e8b465ee728b)
Start importing Assets/Resources/GUI Mobile Hyper-Casual/Sprites/Sprites by Menu/Buttons-assets/Yellow Button Open.png using Guid(9cd3679652c48944a8e43ab8ccafe608) Importer(815301076,1909f56bfc062723c751e8b465ee728b)  -> (artifact id: 'e09b38741e75e0e224ff73822135a418') in 0.071266 seconds
  Import took 0.093364 seconds .

========================================================================
Received Import Request.
  Time since last request: 0.000831 seconds.
  path: Assets/Resources/GUI Mobile Hyper-Casual/Sprites/Sprites by Menu/Buttons-assets/Yellow Buton OK.png
  artifactKey: Guid(950cc223f0ccb454fbc465474d358735) Importer(815301076,1909f56bfc062723c751e8b465ee728b)
Start importing Assets/Resources/GUI Mobile Hyper-Casual/Sprites/Sprites by Menu/Buttons-assets/Yellow Buton OK.png using Guid(950cc223f0ccb454fbc465474d358735) Importer(815301076,1909f56bfc062723c751e8b465ee728b)  -> (artifact id: 'dfe58d60923ec5578f505b06a81e87de') in 0.094587 seconds
  Import took 0.104179 seconds .

========================================================================
Received Import Request.
  Time since last request: 0.000448 seconds.
  path: Assets/Resources/GUI Mobile Hyper-Casual/Sprites/Sprites by Menu/Buttons-assets/Yellow Button Play.png
  artifactKey: Guid(e9944d0ea1cca034bacab6d9c4305473) Importer(815301076,1909f56bfc062723c751e8b465ee728b)
Start importing Assets/Resources/GUI Mobile Hyper-Casual/Sprites/Sprites by Menu/Buttons-assets/Yellow Button Play.png using Guid(e9944d0ea1cca034bacab6d9c4305473) Importer(815301076,1909f56bfc062723c751e8b465ee728b)  -> (artifact id: '3474de233922c50e4bf435a535fb9a58') in 0.143610 seconds
  Import took 0.164503 seconds .

========================================================================
Received Import Request.
  Time since last request: 0.000903 seconds.
  path: Assets/Resources/GUI Mobile Hyper-Casual/Sprites/Sprites by Menu/Buttons-assets/Yellow Buton OK.png
  artifactKey: Guid(950cc223f0ccb454fbc465474d358735) Importer(815301076,1909f56bfc062723c751e8b465ee728b)
Start importing Assets/Resources/GUI Mobile Hyper-Casual/Sprites/Sprites by Menu/Buttons-assets/Yellow Buton OK.png using Guid(950cc223f0ccb454fbc465474d358735) Importer(815301076,1909f56bfc062723c751e8b465ee728b)  -> (artifact id: 'dfe58d60923ec5578f505b06a81e87de') in 0.035590 seconds
  Import took 0.050518 seconds .

========================================================================
Received Import Request.
  Time since last request: 0.002265 seconds.
  path: Assets/Resources/GUI Mobile Hyper-Casual/Sprites/Sprites by Menu/Buttons-assets/Yellow Button Start.png
  artifactKey: Guid(8a4d254ef7d98c14ba5207903195c391) Importer(815301076,1909f56bfc062723c751e8b465ee728b)
Start importing Assets/Resources/GUI Mobile Hyper-Casual/Sprites/Sprites by Menu/Buttons-assets/Yellow Button Start.png using Guid(8a4d254ef7d98c14ba5207903195c391) Importer(815301076,1909f56bfc062723c751e8b465ee728b)  -> (artifact id: '0145dd18c282ac641ac03e0e9bdc5eae') in 0.119048 seconds
  Import took 0.146908 seconds .

========================================================================
Received Import Request.
  Time since last request: 0.000470 seconds.
  path: Assets/Resources/GUI Mobile Hyper-Casual/Sprites/Sprites by Menu/Buttons-assets/Yellow Button Next.png
  artifactKey: Guid(f2f7b7e8d5d1eda46a7c3468cdf85745) Importer(815301076,1909f56bfc062723c751e8b465ee728b)
Start importing Assets/Resources/GUI Mobile Hyper-Casual/Sprites/Sprites by Menu/Buttons-assets/Yellow Button Next.png using Guid(f2f7b7e8d5d1eda46a7c3468cdf85745) Importer(815301076,1909f56bfc062723c751e8b465ee728b)  -> (artifact id: '3237bd86eddbfedac9d8281cac5b5922') in 0.335329 seconds
  Import took 0.350582 seconds .

========================================================================
Received Import Request.
  Time since last request: 0.000941 seconds.
  path: Assets/Resources/GUI Mobile Hyper-Casual/Sprites/Sprites by Menu/Buttons-assets/Yellow Button Skip.png
  artifactKey: Guid(b2a6ecc213f7c50489b483d21a3b67e6) Importer(815301076,1909f56bfc062723c751e8b465ee728b)
Start importing Assets/Resources/GUI Mobile Hyper-Casual/Sprites/Sprites by Menu/Buttons-assets/Yellow Button Skip.png using Guid(b2a6ecc213f7c50489b483d21a3b67e6) Importer(815301076,1909f56bfc062723c751e8b465ee728b)  -> (artifact id: '2ac7453dc87fde254737eb4f3dc9137c') in 0.177076 seconds
  Import took 0.189398 seconds .

========================================================================
Received Import Request.
  Time since last request: 0.000442 seconds.
  path: Assets/Resources/GUI Mobile Hyper-Casual/Sprites/Sprites by Menu/Buttons-assets/Purple Button Play.png
  artifactKey: Guid(70c70ad42cab3754bb007a8deeef9ca1) Importer(815301076,1909f56bfc062723c751e8b465ee728b)
Start importing Assets/Resources/GUI Mobile Hyper-Casual/Sprites/Sprites by Menu/Buttons-assets/Purple Button Play.png using Guid(70c70ad42cab3754bb007a8deeef9ca1) Importer(815301076,1909f56bfc062723c751e8b465ee728b)  -> (artifact id: 'c23e41b0531f28f75b90dcde68297ed2') in 0.097014 seconds
  Import took 0.104137 seconds .

========================================================================
Received Import Request.
  Time since last request: 0.000403 seconds.
  path: Assets/Resources/GUI Mobile Hyper-Casual/Sprites/Sprites by Menu/Buttons-assets/Purple Button Claim.png
  artifactKey: Guid(c4331bb414f561844a2f235b04e04404) Importer(815301076,1909f56bfc062723c751e8b465ee728b)
Start importing Assets/Resources/GUI Mobile Hyper-Casual/Sprites/Sprites by Menu/Buttons-assets/Purple Button Claim.png using Guid(c4331bb414f561844a2f235b04e04404) Importer(815301076,1909f56bfc062723c751e8b465ee728b)  -> (artifact id: '43b76e7cfa91ef4fd38e61c7a9657f93') in 0.065842 seconds
  Import took 0.072761 seconds .

========================================================================
Received Import Request.
  Time since last request: 0.000527 seconds.
  path: Assets/Resources/GUI Mobile Hyper-Casual/Sprites/Sprites by Menu/Buttons-assets/Purple Button Continue.png
  artifactKey: Guid(111963f2c7bf0c44c84605e04d851d61) Importer(815301076,1909f56bfc062723c751e8b465ee728b)
Start importing Assets/Resources/GUI Mobile Hyper-Casual/Sprites/Sprites by Menu/Buttons-assets/Purple Button Continue.png using Guid(111963f2c7bf0c44c84605e04d851d61) Importer(815301076,1909f56bfc062723c751e8b465ee728b)  -> (artifact id: 'be255a44ee71836a37980205f3b8a5b3') in 0.220699 seconds
  Import took 0.264898 seconds .

========================================================================
Received Import Request.
  Time since last request: 0.000842 seconds.
  path: Assets/Resources/GUI Mobile Hyper-Casual/Sprites/Sprites by Menu/Buttons-assets/Purple Button Start.png
  artifactKey: Guid(8c30c9d01d995b64ba81b32b88a3d150) Importer(815301076,1909f56bfc062723c751e8b465ee728b)
Start importing Assets/Resources/GUI Mobile Hyper-Casual/Sprites/Sprites by Menu/Buttons-assets/Purple Button Start.png using Guid(8c30c9d01d995b64ba81b32b88a3d150) Importer(815301076,1909f56bfc062723c751e8b465ee728b)  -> (artifact id: '0c0414723f6d94c66139cad07d0a5658') in 0.104268 seconds
  Import took 0.163262 seconds .

========================================================================
Received Import Request.
  Time since last request: 83.610995 seconds.
  path: Assets/Bar Progress in game Blue.png
  artifactKey: Guid(41e74be78325a0c499c7d37a885cc647) Importer(815301076,1909f56bfc062723c751e8b465ee728b)
Start importing Assets/Bar Progress in game Blue.png using Guid(41e74be78325a0c499c7d37a885cc647) Importer(815301076,1909f56bfc062723c751e8b465ee728b)  -> (artifact id: '0467ac46f5a50be69cfb236379119210') in 0.131464 seconds
  Import took 0.168129 seconds .

========================================================================
Received Import Request.
  Time since last request: 6.510922 seconds.
  path: Assets/Bar Progress in game Blue.png
  artifactKey: Guid(41e74be78325a0c499c7d37a885cc647) Importer(815301076,1909f56bfc062723c751e8b465ee728b)
Start importing Assets/Bar Progress in game Blue.png using Guid(41e74be78325a0c499c7d37a885cc647) Importer(815301076,1909f56bfc062723c751e8b465ee728b)  -> (artifact id: 'bee4d97730ffd8c2cee295da7c1b10a1') in 0.124856 seconds
  Import took 0.203267 seconds .

========================================================================
Received Import Request.
  Time since last request: 49.871595 seconds.
  path: Assets/BarWhite.png
  artifactKey: Guid(41e74be78325a0c499c7d37a885cc647) Importer(815301076,1909f56bfc062723c751e8b465ee728b)
Start importing Assets/BarWhite.png using Guid(41e74be78325a0c499c7d37a885cc647) Importer(815301076,1909f56bfc062723c751e8b465ee728b)  -> (artifact id: 'a5cd64011fc0de48fcb2855795f628f1') in 0.035385 seconds
  Import took 0.044313 seconds .

========================================================================
Received Import Request.
  Time since last request: 191.722851 seconds.
  path: Assets/output-onlinepngtools.png
  artifactKey: Guid(b39623661b0d8314fbc054f7e1b02b7c) Importer(815301076,1909f56bfc062723c751e8b465ee728b)
Start importing Assets/output-onlinepngtools.png using Guid(b39623661b0d8314fbc054f7e1b02b7c) Importer(815301076,1909f56bfc062723c751e8b465ee728b)  -> (artifact id: '94b283a684631661a6018c40266f67fe') in 0.057613 seconds
  Import took 0.072337 seconds .

========================================================================
Received Import Request.
  Time since last request: 5.711574 seconds.
  path: Assets/output-onlinepngtools.png
  artifactKey: Guid(b39623661b0d8314fbc054f7e1b02b7c) Importer(815301076,1909f56bfc062723c751e8b465ee728b)
Start importing Assets/output-onlinepngtools.png using Guid(b39623661b0d8314fbc054f7e1b02b7c) Importer(815301076,1909f56bfc062723c751e8b465ee728b)  -> (artifact id: 'be9f94c22929d042cc28a1d0044f9566') in 0.055017 seconds
  Import took 0.072648 seconds .

========================================================================
Received Import Request.
  Time since last request: 22.052313 seconds.
  path: Assets/bar white.png
  artifactKey: Guid(b39623661b0d8314fbc054f7e1b02b7c) Importer(815301076,1909f56bfc062723c751e8b465ee728b)
Start importing Assets/bar white.png using Guid(b39623661b0d8314fbc054f7e1b02b7c) Importer(815301076,1909f56bfc062723c751e8b465ee728b)  -> (artifact id: '6e3ac48bfe64d04ed1568d71cc1aaed0') in 0.024516 seconds
  Import took 0.042305 seconds .

========================================================================
Received Import Request.
  Time since last request: 181.767809 seconds.
  path: Assets/HealthBar.cs
  artifactKey: Guid(49fd9eee651ab9f4bb6751d2355c77ac) Importer(815301076,1909f56bfc062723c751e8b465ee728b)
Start importing Assets/HealthBar.cs using Guid(49fd9eee651ab9f4bb6751d2355c77ac) Importer(815301076,1909f56bfc062723c751e8b465ee728b)  -> (artifact id: '9020e37b1e3bc373a54df5a4dad1105d') in 0.936142 seconds
  Import took 1.088150 seconds .

========================================================================
Received Prepare
Registering precompiled user dll's ...
Registered in 0.111446 seconds.
Begin MonoManager ReloadAssembly
Native extension for WindowsStandalone target not found
Native extension for OSXStandalone target not found
Native extension for WebGL target not found
Refreshing native plugins compatible for Editor in 1.64 ms, found 5 plugins.
Preloading 0 native plugins for Editor in 0.00 ms.
Warning: Annotation not found!
UnityEngine.StackTraceUtility:ExtractStackTrace ()
UnityEditor.ProBuilder.EditorUtility:SetGizmoIconEnabled (System.Type,bool) (at Library/PackageCache/com.unity.probuilder@4.5.0/Editor/EditorCore/EditorUtility.cs:593)
UnityEditor.ProBuilder.HierarchyListener:.cctor () (at Library/PackageCache/com.unity.probuilder@4.5.0/Editor/EditorCore/HierarchyListener.cs:21)
System.Runtime.CompilerServices.RuntimeHelpers:RunClassConstructor (System.RuntimeTypeHandle)
UnityEditor.EditorAssemblies:ProcessInitializeOnLoadAttributes (System.Type[])

[Library/PackageCache/com.unity.probuilder@4.5.0/Editor/EditorCore/EditorUtility.cs line 593]

Mono: successfully reloaded assembly
- Completed reload, in  3.701 seconds
Platform modules already initialized, skipping
Refreshing native plugins compatible for Editor in 1.16 ms, found 5 plugins.
Preloading 0 native plugins for Editor in 0.00 ms.
Unloading 2016 Unused Serialized files (Serialized files now loaded: 0)
System memory in use before: 93.3 MB.
System memory in use after: 93.3 MB.

Unloading 24 unused Assets to reduce memory usage. Loaded Objects now: 2585.
Total: 6.365300 ms (FindLiveObjects: 0.369400 ms CreateObjectMapping: 0.181500 ms MarkObjects: 5.645500 ms  DeleteObjects: 0.166400 ms)

========================================================================
Received Prepare
Registering precompiled user dll's ...
Registered in 0.006573 seconds.
Begin MonoManager ReloadAssembly
Native extension for WindowsStandalone target not found
Native extension for OSXStandalone target not found
Native extension for WebGL target not found
Refreshing native plugins compatible for Editor in 1.54 ms, found 5 plugins.
Preloading 0 native plugins for Editor in 0.00 ms.
Warning: Annotation not found!
UnityEngine.StackTraceUtility:ExtractStackTrace ()
UnityEditor.ProBuilder.EditorUtility:SetGizmoIconEnabled (System.Type,bool) (at Library/PackageCache/com.unity.probuilder@4.5.0/Editor/EditorCore/EditorUtility.cs:593)
UnityEditor.ProBuilder.HierarchyListener:.cctor () (at Library/PackageCache/com.unity.probuilder@4.5.0/Editor/EditorCore/HierarchyListener.cs:21)
System.Runtime.CompilerServices.RuntimeHelpers:RunClassConstructor (System.RuntimeTypeHandle)
UnityEditor.EditorAssemblies:ProcessInitializeOnLoadAttributes (System.Type[])

[Library/PackageCache/com.unity.probuilder@4.5.0/Editor/EditorCore/EditorUtility.cs line 593]

Mono: successfully reloaded assembly
- Completed reload, in  3.535 seconds
Platform modules already initialized, skipping
Refreshing native plugins compatible for Editor in 1.18 ms, found 5 plugins.
Preloading 0 native plugins for Editor in 0.00 ms.
Unloading 2016 Unused Serialized files (Serialized files now loaded: 0)
System memory in use before: 93.3 MB.
System memory in use after: 93.4 MB.

Unloading 24 unused Assets to reduce memory usage. Loaded Objects now: 2588.
Total: 3.727000 ms (FindLiveObjects: 0.399100 ms CreateObjectMapping: 0.187800 ms MarkObjects: 3.040500 ms  DeleteObjects: 0.097700 ms)

========================================================================
Received Import Request.
  Time since last request: 1428.146133 seconds.
  path: Assets/HealthBar.cs
  artifactKey: Guid(49fd9eee651ab9f4bb6751d2355c77ac) Importer(815301076,1909f56bfc062723c751e8b465ee728b)
Start importing Assets/HealthBar.cs using Guid(49fd9eee651ab9f4bb6751d2355c77ac) Importer(815301076,1909f56bfc062723c751e8b465ee728b)  -> (artifact id: 'be740709c669f8d3c2e803ede2567bb5') in 0.064634 seconds
  Import took 0.074382 seconds .

========================================================================
Received Prepare
Registering precompiled user dll's ...
Registered in 0.005435 seconds.
Begin MonoManager ReloadAssembly
Native extension for WindowsStandalone target not found
Native extension for OSXStandalone target not found
Native extension for WebGL target not found
Refreshing native plugins compatible for Editor in 1.16 ms, found 5 plugins.
Preloading 0 native plugins for Editor in 0.00 ms.
Warning: Annotation not found!
UnityEngine.StackTraceUtility:ExtractStackTrace ()
UnityEditor.ProBuilder.EditorUtility:SetGizmoIconEnabled (System.Type,bool) (at Library/PackageCache/com.unity.probuilder@4.5.0/Editor/EditorCore/EditorUtility.cs:593)
UnityEditor.ProBuilder.HierarchyListener:.cctor () (at Library/PackageCache/com.unity.probuilder@4.5.0/Editor/EditorCore/HierarchyListener.cs:21)
System.Runtime.CompilerServices.RuntimeHelpers:RunClassConstructor (System.RuntimeTypeHandle)
UnityEditor.EditorAssemblies:ProcessInitializeOnLoadAttributes (System.Type[])

[Library/PackageCache/com.unity.probuilder@4.5.0/Editor/EditorCore/EditorUtility.cs line 593]

Mono: successfully reloaded assembly
- Completed reload, in  3.207 seconds
Platform modules already initialized, skipping
Refreshing native plugins compatible for Editor in 1.05 ms, found 5 plugins.
Preloading 0 native plugins for Editor in 0.00 ms.
Unloading 2016 Unused Serialized files (Serialized files now loaded: 0)
System memory in use before: 93.4 MB.
System memory in use after: 93.5 MB.

Unloading 24 unused Assets to reduce memory usage. Loaded Objects now: 2591.
Total: 4.117500 ms (FindLiveObjects: 0.333700 ms CreateObjectMapping: 0.151400 ms MarkObjects: 3.500600 ms  DeleteObjects: 0.129900 ms)

========================================================================
Received Prepare
Registering precompiled user dll's ...
Registered in 0.006919 seconds.
Begin MonoManager ReloadAssembly
Native extension for WindowsStandalone target not found
Native extension for OSXStandalone target not found
Native extension for WebGL target not found
Refreshing native plugins compatible for Editor in 1.19 ms, found 5 plugins.
Preloading 0 native plugins for Editor in 0.00 ms.
Warning: Annotation not found!
UnityEngine.StackTraceUtility:ExtractStackTrace ()
UnityEditor.ProBuilder.EditorUtility:SetGizmoIconEnabled (System.Type,bool) (at Library/PackageCache/com.unity.probuilder@4.5.0/Editor/EditorCore/EditorUtility.cs:593)
UnityEditor.ProBuilder.HierarchyListener:.cctor () (at Library/PackageCache/com.unity.probuilder@4.5.0/Editor/EditorCore/HierarchyListener.cs:21)
System.Runtime.CompilerServices.RuntimeHelpers:RunClassConstructor (System.RuntimeTypeHandle)
UnityEditor.EditorAssemblies:ProcessInitializeOnLoadAttributes (System.Type[])

[Library/PackageCache/com.unity.probuilder@4.5.0/Editor/EditorCore/EditorUtility.cs line 593]

Mono: successfully reloaded assembly
- Completed reload, in  2.612 seconds
Platform modules already initialized, skipping
Refreshing native plugins compatible for Editor in 1.11 ms, found 5 plugins.
Preloading 0 native plugins for Editor in 0.00 ms.
Unloading 2016 Unused Serialized files (Serialized files now loaded: 0)
System memory in use before: 93.4 MB.
System memory in use after: 93.5 MB.

Unloading 24 unused Assets to reduce memory usage. Loaded Objects now: 2594.
Total: 96.883300 ms (FindLiveObjects: 0.609500 ms CreateObjectMapping: 1.489500 ms MarkObjects: 93.983500 ms  DeleteObjects: 0.797800 ms)

========================================================================
Received Prepare
Registering precompiled user dll's ...
Registered in 0.005749 seconds.
Begin MonoManager ReloadAssembly
Native extension for WindowsStandalone target not found
Native extension for OSXStandalone target not found
Native extension for WebGL target not found
Refreshing native plugins compatible for Editor in 1.03 ms, found 5 plugins.
Preloading 0 native plugins for Editor in 0.00 ms.
Warning: Annotation not found!
UnityEngine.StackTraceUtility:ExtractStackTrace ()
UnityEditor.ProBuilder.EditorUtility:SetGizmoIconEnabled (System.Type,bool) (at Library/PackageCache/com.unity.probuilder@4.5.0/Editor/EditorCore/EditorUtility.cs:593)
UnityEditor.ProBuilder.HierarchyListener:.cctor () (at Library/PackageCache/com.unity.probuilder@4.5.0/Editor/EditorCore/HierarchyListener.cs:21)
System.Runtime.CompilerServices.RuntimeHelpers:RunClassConstructor (System.RuntimeTypeHandle)
UnityEditor.EditorAssemblies:ProcessInitializeOnLoadAttributes (System.Type[])

[Library/PackageCache/com.unity.probuilder@4.5.0/Editor/EditorCore/EditorUtility.cs line 593]

Mono: successfully reloaded assembly
- Completed reload, in  2.639 seconds
Platform modules already initialized, skipping
Refreshing native plugins compatible for Editor in 1.23 ms, found 5 plugins.
Preloading 0 native plugins for Editor in 0.00 ms.
Unloading 2016 Unused Serialized files (Serialized files now loaded: 0)
System memory in use before: 93.3 MB.
System memory in use after: 93.4 MB.

Unloading 24 unused Assets to reduce memory usage. Loaded Objects now: 2597.
Total: 9.919400 ms (FindLiveObjects: 0.661900 ms CreateObjectMapping: 0.340000 ms MarkObjects: 8.649100 ms  DeleteObjects: 0.262700 ms)

========================================================================
Received Prepare
Registering precompiled user dll's ...
Registered in 0.008081 seconds.
Begin MonoManager ReloadAssembly
Native extension for WindowsStandalone target not found
Native extension for OSXStandalone target not found
Native extension for WebGL target not found
Refreshing native plugins compatible for Editor in 1.13 ms, found 5 plugins.
Preloading 0 native plugins for Editor in 0.00 ms.
Warning: Annotation not found!
UnityEngine.StackTraceUtility:ExtractStackTrace ()
UnityEditor.ProBuilder.EditorUtility:SetGizmoIconEnabled (System.Type,bool) (at Library/PackageCache/com.unity.probuilder@4.5.0/Editor/EditorCore/EditorUtility.cs:593)
UnityEditor.ProBuilder.HierarchyListener:.cctor () (at Library/PackageCache/com.unity.probuilder@4.5.0/Editor/EditorCore/HierarchyListener.cs:21)
System.Runtime.CompilerServices.RuntimeHelpers:RunClassConstructor (System.RuntimeTypeHandle)
UnityEditor.EditorAssemblies:ProcessInitializeOnLoadAttributes (System.Type[])

[Library/PackageCache/com.unity.probuilder@4.5.0/Editor/EditorCore/EditorUtility.cs line 593]

Mono: successfully reloaded assembly
- Completed reload, in  3.851 seconds
Platform modules already initialized, skipping
Refreshing native plugins compatible for Editor in 1.12 ms, found 5 plugins.
Preloading 0 native plugins for Editor in 0.00 ms.
Unloading 2016 Unused Serialized files (Serialized files now loaded: 0)
System memory in use before: 93.4 MB.
System memory in use after: 93.5 MB.

Unloading 24 unused Assets to reduce memory usage. Loaded Objects now: 2600.
Total: 9.612100 ms (FindLiveObjects: 0.601400 ms CreateObjectMapping: 0.223500 ms MarkObjects: 8.579100 ms  DeleteObjects: 0.204700 ms)

========================================================================
Received Import Request.
  Time since last request: 443.567228 seconds.
  path: Assets/Prefabs/HealthBar.prefab
  artifactKey: Guid(d5897e3431bf032478a57754c245e0d4) Importer(815301076,1909f56bfc062723c751e8b465ee728b)
Start importing Assets/Prefabs/HealthBar.prefab using Guid(d5897e3431bf032478a57754c245e0d4) Importer(815301076,1909f56bfc062723c751e8b465ee728b)  -> (artifact id: '31b0056c14fad2b06e79bbfa25c75751') in 0.556991 seconds
  Import took 0.614064 seconds .

========================================================================
Received Import Request.
  Time since last request: 46.951434 seconds.
  path: Assets/Resources/Plugins/Demigiant/DOTween/Modules/DOTweenModulePhysics2D.cs
  artifactKey: Guid(230fe34542e175245ba74b4659dae700) Importer(815301076,1909f56bfc062723c751e8b465ee728b)
Start importing Assets/Resources/Plugins/Demigiant/DOTween/Modules/DOTweenModulePhysics2D.cs using Guid(230fe34542e175245ba74b4659dae700) Importer(815301076,1909f56bfc062723c751e8b465ee728b)  -> (artifact id: '7c91aac33cac94363f9a78f543b198ee') in 0.065391 seconds
  Import took 0.128206 seconds .

========================================================================
Received Import Request.
  Time since last request: 0.016327 seconds.
  path: Assets/Resources/Plugins/Demigiant/DOTween/Modules/DOTweenModuleSprite.cs
  artifactKey: Guid(188918ab119d93148aa0de59ccf5286b) Importer(815301076,1909f56bfc062723c751e8b465ee728b)
Start importing Assets/Resources/Plugins/Demigiant/DOTween/Modules/DOTweenModuleSprite.cs using Guid(188918ab119d93148aa0de59ccf5286b) Importer(815301076,1909f56bfc062723c751e8b465ee728b)  -> (artifact id: '4765225c9ea106923de23d489563f91f') in 0.013668 seconds
  Import took 0.021809 seconds .

========================================================================
Received Import Request.
  Time since last request: 0.049074 seconds.
  path: Assets/Resources/Voodoo/VoodooCustomCharacter/Demo/Scripts/Rotate.cs
  artifactKey: Guid(e7db067d1bf7f485eba6392d56019ab6) Importer(815301076,1909f56bfc062723c751e8b465ee728b)
Start importing Assets/Resources/Voodoo/VoodooCustomCharacter/Demo/Scripts/Rotate.cs using Guid(e7db067d1bf7f485eba6392d56019ab6) Importer(815301076,1909f56bfc062723c751e8b465ee728b)  -> (artifact id: '09fbc0fd005b2f811b3857cf34c1efdc') in 0.032192 seconds
  Import took 0.084471 seconds .

========================================================================
Received Import Request.
  Time since last request: 0.035901 seconds.
  path: Assets/Scripts/Boss.cs
  artifactKey: Guid(fe1d50cfb4ce5ad4cbb0b1e7c0b9e8ed) Importer(815301076,1909f56bfc062723c751e8b465ee728b)
Start importing Assets/Scripts/Boss.cs using Guid(fe1d50cfb4ce5ad4cbb0b1e7c0b9e8ed) Importer(815301076,1909f56bfc062723c751e8b465ee728b)  -> (artifact id: '9ef34e66f2c6ead60a71cd28b550bfc1') in 0.025614 seconds
  Import took 0.053658 seconds .

========================================================================
Received Import Request.
  Time since last request: 0.014923 seconds.
  path: Assets/Scripts/PlayerController.cs
  artifactKey: Guid(1160e242540096049a87e8a88eed5b5a) Importer(815301076,1909f56bfc062723c751e8b465ee728b)
Start importing Assets/Scripts/PlayerController.cs using Guid(1160e242540096049a87e8a88eed5b5a) Importer(815301076,1909f56bfc062723c751e8b465ee728b)  -> (artifact id: 'f4936f049a0bc0ecaf9b0a25236ee667') in 0.024257 seconds
  Import took 0.075623 seconds .

========================================================================
Received Import Request.
  Time since last request: 0.034321 seconds.
  path: Assets/Resources/Plugins/Demigiant/DOTween/DOTween.dll
  artifactKey: Guid(a811bde74b26b53498b4f6d872b09b6d) Importer(815301076,1909f56bfc062723c751e8b465ee728b)
Start importing Assets/Resources/Plugins/Demigiant/DOTween/DOTween.dll using Guid(a811bde74b26b53498b4f6d872b09b6d) Importer(815301076,1909f56bfc062723c751e8b465ee728b)  -> (artifact id: '0cf99bb0cc511f148d0386f9b0517031') in 0.059783 seconds
  Import took 0.126402 seconds .

========================================================================
Received Import Request.
  Time since last request: 0.073497 seconds.
  path: Assets/Resources/Plugins/Demigiant/DOTween/Modules/DOTweenModuleUnityVersion.cs
  artifactKey: Guid(63c02322328255542995bd02b47b0457) Importer(815301076,1909f56bfc062723c751e8b465ee728b)
Start importing Assets/Resources/Plugins/Demigiant/DOTween/Modules/DOTweenModuleUnityVersion.cs using Guid(63c02322328255542995bd02b47b0457) Importer(815301076,1909f56bfc062723c751e8b465ee728b)  -> (artifact id: 'a6f82dbcfbbe3bd5863a377f3188e6ea') in 0.029228 seconds
  Import took 0.080770 seconds .

========================================================================
Received Import Request.
  Time since last request: 0.007947 seconds.
  path: Assets/HealthControl.cs
  artifactKey: Guid(dce88031c9de3d54da2cb43f4e05557d) Importer(815301076,1909f56bfc062723c751e8b465ee728b)
Start importing Assets/HealthControl.cs using Guid(dce88031c9de3d54da2cb43f4e05557d) Importer(815301076,1909f56bfc062723c751e8b465ee728b)  -> (artifact id: 'e1eed4638299b6421393ccd15c1b5a34') in 0.019161 seconds
  Import took 0.062791 seconds .

========================================================================
Received Import Request.
  Time since last request: 0.024558 seconds.
  path: Assets/Resources/Plugins/Demigiant/DOTween/Modules/DOTweenModulePhysics.cs
  artifactKey: Guid(dae9aa560b4242648a3affa2bfabc365) Importer(815301076,1909f56bfc062723c751e8b465ee728b)
Start importing Assets/Resources/Plugins/Demigiant/DOTween/Modules/DOTweenModulePhysics.cs using Guid(dae9aa560b4242648a3affa2bfabc365) Importer(815301076,1909f56bfc062723c751e8b465ee728b)  -> (artifact id: 'cc20701615500b86f7adcc0ba0f7c4fe') in 0.018479 seconds
  Import took 0.068524 seconds .

========================================================================
Received Import Request.
  Time since last request: 0.234415 seconds.
  path: Assets/Resources/Plugins/Demigiant/DOTween/Modules/DOTweenModuleUI.cs
  artifactKey: Guid(a060394c03331a64392db53a10e7f2d1) Importer(815301076,1909f56bfc062723c751e8b465ee728b)
Start importing Assets/Resources/Plugins/Demigiant/DOTween/Modules/DOTweenModuleUI.cs using Guid(a060394c03331a64392db53a10e7f2d1) Importer(815301076,1909f56bfc062723c751e8b465ee728b)  -> (artifact id: '691aa65c82b9223ba01d77c05cdec43b') in 0.123576 seconds
  Import took 0.192745 seconds .

========================================================================
Received Import Request.
  Time since last request: 0.019891 seconds.
  path: Assets/Resources/Plugins/Demigiant/DOTween/Modules/DOTweenModuleUtils.cs
  artifactKey: Guid(7bcaf917d9cf5b84090421a5a2abe42e) Importer(815301076,1909f56bfc062723c751e8b465ee728b)
Start importing Assets/Resources/Plugins/Demigiant/DOTween/Modules/DOTweenModuleUtils.cs using Guid(7bcaf917d9cf5b84090421a5a2abe42e) Importer(815301076,1909f56bfc062723c751e8b465ee728b)  -> (artifact id: 'a9d94c4a50f11dad5001e8517749f11f') in 0.040822 seconds
  Import took 0.086151 seconds .

========================================================================
Received Import Request.
  Time since last request: 0.087070 seconds.
  path: Assets/Resources/Plugins/Demigiant/DOTween/Editor/DOTweenEditor.dll
  artifactKey: Guid(45d5034162d6cf04dbe46da84fc7d074) Importer(815301076,1909f56bfc062723c751e8b465ee728b)
Start importing Assets/Resources/Plugins/Demigiant/DOTween/Editor/DOTweenEditor.dll using Guid(45d5034162d6cf04dbe46da84fc7d074) Importer(815301076,1909f56bfc062723c751e8b465ee728b)  -> (artifact id: 'b1f903c1f9ad84da453a32f76c97e5a5') in 0.013381 seconds
  Import took 0.088391 seconds .

========================================================================
Received Import Request.
  Time since last request: 0.029118 seconds.
  path: Assets/Scripts/Obstacle.cs
  artifactKey: Guid(e18304f15ab9102449a30b14437a3f25) Importer(815301076,1909f56bfc062723c751e8b465ee728b)
Start importing Assets/Scripts/Obstacle.cs using Guid(e18304f15ab9102449a30b14437a3f25) Importer(815301076,1909f56bfc062723c751e8b465ee728b)  -> (artifact id: '6cc010b7bb12877ef76c8db2d4ecec1c') in 0.022086 seconds
  Import took 0.044333 seconds .

========================================================================
Received Import Request.
  Time since last request: 0.034647 seconds.
  path: Assets/PlayerHealthControl.cs
  artifactKey: Guid(806a757a06736994c9ea57f57d74e51c) Importer(815301076,1909f56bfc062723c751e8b465ee728b)
Start importing Assets/PlayerHealthControl.cs using Guid(806a757a06736994c9ea57f57d74e51c) Importer(815301076,1909f56bfc062723c751e8b465ee728b)  -> (artifact id: 'c594fdab854cc8cd4db99e91b996e989') in 0.023651 seconds
  Import took 0.125739 seconds .

========================================================================
Received Import Request.
  Time since last request: 0.159384 seconds.
  path: Assets/Resources/Plugins/Demigiant/DOTween/Modules/DOTweenModuleAudio.cs
  artifactKey: Guid(b766d08851589514b97afb23c6f30a70) Importer(815301076,1909f56bfc062723c751e8b465ee728b)
Start importing Assets/Resources/Plugins/Demigiant/DOTween/Modules/DOTweenModuleAudio.cs using Guid(b766d08851589514b97afb23c6f30a70) Importer(815301076,1909f56bfc062723c751e8b465ee728b)  -> (artifact id: 'e784fd578247d8ed2e1dd75a6327fe63') in 0.035645 seconds
  Import took 0.052555 seconds .

